#
# A fatal error has been detected by the Java Runtime Environment:
#
#  SIGSEGV (0xb) at pc=0x000000012cf18590, pid=2957, tid=9219
#
# JRE version: OpenJDK Runtime Environment (11.0.3+12) (build 11.0.3+12-b304.56)
# Java VM: OpenJDK 64-Bit Server VM (11.0.3+12-b304.56, mixed mode, tiered, compressed oops, g1 gc, bsd-amd64)
# Problematic frame:
# C  [libavformat.58.dylib+0x2a590]  avio_rb64+0x250
#
# No core dump will be written. Core dumps have been disabled. To enable core dumping, try "ulimit -c unlimited" before starting Java again
#
# If you would like to submit a bug report, please visit:
#   http://bugreport.java.com/bugreport/crash.jsp
# The crash happened outside the Java Virtual Machine in native code.
# See problematic frame for where to report the bug.
#

---------------  S U M M A R Y ------------

Command Line: -agentlib:jdwp=transport=dt_socket,address=127.0.0.1:59031,suspend=y,server=n -javaagent:/Users/neodymius/Library/Caches/IntelliJIdea2019.2/captureAgent/debugger-agent.jar -Dfile.encoding=UTF-8 Converter

Host: MacBookPro15,1 x86_64 2600 MHz, 12 cores, 16G, Darwin 18.7.0
Time: Wed Jun 10 20:00:55 2020 +03 elapsed time: 0 seconds (0d 0h 0m 0s)

---------------  T H R E A D  ---------------

Current thread (0x00007f8b76802800):  JavaThread "main" [_thread_in_native, id=9219, stack(0x000070000fbb8000,0x000070000fcb8000)]

Stack: [0x000070000fbb8000,0x000070000fcb8000],  sp=0x000070000fcb77c0,  free space=1021k
Native frames: (J=compiled Java code, A=aot compiled Java code, j=interpreted, Vv=VM code, C=native code)
C  [libavformat.58.dylib+0x2a590]  avio_rb64+0x250

Java frames: (J=compiled Java code, j=interpreted, Vv=VM code)
j  org.bytedeco.ffmpeg.global.avformat.avio_open(Lorg/bytedeco/ffmpeg/avformat/AVIOContext;Ljava/lang/String;I)I+0
j  Converter.main([Ljava/lang/String;)V+341
v  ~StubRoutines::call_stub

siginfo: si_signo: 11 (SIGSEGV), si_code: 1 (SEGV_MAPERR), si_addr: 0x0000000000000000

Register to memory mapping:

RAX=0x8000000000000000 is an unknown value
RBX=0x0 is NULL
RCX=0x0000000000000020 is an unknown value
RDX=0xffffffffffffffe8 is an unknown value
RSP=0x000070000fcb77c0 is pointing into the stack for thread: 0x00007f8b76802800
RBP=0x00007f8b75c52580 points into unknown readable memory: 00 00 00 00 00 00 00 00
RSI=0x0 is NULL
RDI=0x00007f8b75c52660 points into unknown readable memory: 00 00 00 00 00 00 00 80
R8 =0x0 is NULL
R9 =0x00007f8b75c50c70 points into unknown readable memory: 57 52 5c b7 f8 07 00 70
R10=0x0000000000000001 is an unknown value
R11=0x0000000000000001 is an unknown value
R12=0x00007f8b75c52100 points into unknown readable memory: 90 89 2f 2d 01 00 00 00
R13=0x0000000129cc2000 is an unknown value
R14=0x00007f8b75c50c80 points into unknown readable memory: 00 21 c5 75 8b 7f 00 00
R15=0x0000000000000001 is an unknown value


Registers:
RAX=0x8000000000000000, RBX=0x0000000000000000, RCX=0x0000000000000020, RDX=0xffffffffffffffe8
RSP=0x000070000fcb77c0, RBP=0x00007f8b75c52580, RSI=0x0000000000000000, RDI=0x00007f8b75c52660
R8 =0x0000000000000000, R9 =0x00007f8b75c50c70, R10=0x0000000000000001, R11=0x0000000000000001
R12=0x00007f8b75c52100, R13=0x0000000129cc2000, R14=0x00007f8b75c50c80, R15=0x0000000000000001
RIP=0x000000012cf18590, EFLAGS=0x0000000000010202, ERR=0x0000000000000006
  TRAPNO=0x000000000000000e

Top of Stack: (sp=0x000070000fcb77c0)
0x000070000fcb77c0:   0004000000000000 0000000000000000
0x000070000fcb77d0:   00007f8b75c50c80 00007f8b75c52100
0x000070000fcb77e0:   0000000129c82000 0000000000000000
0x000070000fcb77f0:   00007f8b75c51330 0000000000000000
0x000070000fcb7800:   0000000000000000 0000000000000000
0x000070000fcb7810:   000070000fcb78a0 000000012cf18a61
0x000070000fcb7820:   0000000000000000 0000000000000000
0x000070000fcb7830:   00007f8b75c51330 00007f8b75c52100
0x000070000fcb7840:   0000000000000000 00007f8b76802b40
0x000070000fcb7850:   000070000fcb78a0 000000012d3b204a
0x000070000fcb7860:   00000001299c7300 0000000276802800
0x000070000fcb7870:   0000000000000000 00000001299c73a0
0x000070000fcb7880:   0000000000000000 00000001299c7390
0x000070000fcb7890:   000070000fcb7940 00007f8b76802800
0x000070000fcb78a0:   000070000fcb7910 000000011041d297
0x000070000fcb78b0:   000070000fcb7910 000000011041ccfe
0x000070000fcb78c0:   000000011041ccb6 000070000fcb78c8
0x000070000fcb78d0:   00000001299c7390 000070000fcb7940
0x000070000fcb78e0:   00000001299d2cd0 0000000000000000
0x000070000fcb78f0:   000000070e7055e0 00000001299c73a0
0x000070000fcb7900:   0000000000000000 000070000fcb7930
0x000070000fcb7910:   000070000fcb7990 0000000110412ed4
0x000070000fcb7920:   000000070e7055e0 0000000110418816
0x000070000fcb7930:   0000000000000002 000000070f802cd8
0x000070000fcb7940:   0000000000000000 000070000fcb7948
0x000070000fcb7950:   00000001299c0a6d 000070000fcb7a48
0x000070000fcb7960:   00000001299c0d28 0000000000000000
0x000070000fcb7970:   000000070e702710 00000001299c0c20
0x000070000fcb7980:   000070000fcb7930 000070000fcb7a48
0x000070000fcb7990:   000070000fcb7ab0 0000000110408849
0x000070000fcb79a0:   0000000000000000 0000000000000000
0x000070000fcb79b0:   000000070f86fce0 000000070f86f938 

Instructions: (pc=0x000000012cf18590)
0x000000012cf18570:   85 e0 00 00 00 48 c7 85 f0 00 00 00 00 00 00 00
0x000000012cf18580:   48 c7 85 e8 00 00 00 00 00 00 00 48 8b 5c 24 08
0x000000012cf18590:   48 89 2b 49 8b 7c 24 48 e8 23 c6 33 00 48 8b 0b
0x000000012cf185a0:   48 89 81 c0 00 00 00 48 8b 3b 48 83 bf c0 00 00 

Stack slot to memory mapping:
stack at sp + 0 slots: 0x0004000000000000 is an unknown value
stack at sp + 1 slots: 0x0 is NULL
stack at sp + 2 slots: 0x00007f8b75c50c80 points into unknown readable memory: 00 21 c5 75 8b 7f 00 00
stack at sp + 3 slots: 0x00007f8b75c52100 points into unknown readable memory: 90 89 2f 2d 01 00 00 00
stack at sp + 4 slots: 0x0000000129c82000 points into unknown readable memory: 00 00 00 00 00 00 00 00
stack at sp + 5 slots: 0x0 is NULL
stack at sp + 6 slots: 0x00007f8b75c51330 points into unknown readable memory: 2f 55 73 65 72 73 2f 6e
stack at sp + 7 slots: 0x0 is NULL


---------------  P R O C E S S  ---------------

Threads class SMR info:
_java_thread_list=0x00007f8b77602220, length=13, elements={
0x00007f8b76802800, 0x00007f8b788e3000, 0x00007f8b76801000, 0x00007f8b788e6000,
0x00007f8b78001000, 0x00007f8b76817000, 0x00007f8b76818000, 0x00007f8b7900a800,
0x00007f8b7c000000, 0x00007f8b7b800000, 0x00007f8b77820800, 0x00007f8b7b030800,
0x00007f8b7686f000
}

Java Threads: ( => current thread )
=>0x00007f8b76802800 JavaThread "main" [_thread_in_native, id=9219, stack(0x000070000fbb8000,0x000070000fcb8000)]
  0x00007f8b788e3000 JavaThread "Reference Handler" daemon [_thread_blocked, id=13059, stack(0x00007000102cd000,0x00007000103cd000)]
  0x00007f8b76801000 JavaThread "Finalizer" daemon [_thread_blocked, id=13571, stack(0x00007000103d0000,0x00007000104d0000)]
  0x00007f8b788e6000 JavaThread "Signal Dispatcher" daemon [_thread_blocked, id=16387, stack(0x00007000104d3000,0x00007000105d3000)]
  0x00007f8b78001000 JavaThread "C2 CompilerThread0" daemon [_thread_blocked, id=15619, stack(0x00007000105d6000,0x00007000106d6000)]
  0x00007f8b76817000 JavaThread "C1 CompilerThread0" daemon [_thread_blocked, id=15363, stack(0x00007000106d9000,0x00007000107d9000)]
  0x00007f8b76818000 JavaThread "Sweeper thread" daemon [_thread_blocked, id=22275, stack(0x00007000107dc000,0x00007000108dc000)]
  0x00007f8b7900a800 JavaThread "Common-Cleaner" daemon [_thread_blocked, id=42755, stack(0x00007000108df000,0x00007000109df000)]
  0x00007f8b7c000000 JavaThread "JDWP Transport Listener: dt_socket" daemon [_thread_blocked, id=41987, stack(0x00007000109e2000,0x0000700010ae2000)]
  0x00007f8b7b800000 JavaThread "JDWP Event Helper Thread" daemon [_thread_blocked, id=22787, stack(0x0000700010ae5000,0x0000700010be5000)]
  0x00007f8b77820800 JavaThread "JDWP Command Reader" daemon [_thread_in_native, id=41219, stack(0x0000700010be8000,0x0000700010ce8000)]
  0x00007f8b7b030800 JavaThread "Service Thread" daemon [_thread_blocked, id=40707, stack(0x0000700010ceb000,0x0000700010deb000)]
  0x00007f8b7686f000 JavaThread "JavaCPP Deallocator" daemon [_thread_blocked, id=39683, stack(0x0000700010ef1000,0x0000700010ff1000)]

Other Threads:
  0x00007f8b7780b800 VMThread "VM Thread" [stack: 0x00007000101ca000,0x00007000102ca000] [id=18691]
  0x00007f8b76819000 WatcherThread [stack: 0x0000700010dee000,0x0000700010eee000] [id=40195]
  0x00007f8b78801000 GCTaskThread "GC Thread#0" [stack: 0x000070000fcbb000,0x000070000fdbb000] [id=11267]
  0x00007f8b77823800 GCTaskThread "GC Thread#1" [stack: 0x0000700010ff4000,0x00007000110f4000] [id=39171]
  0x00007f8b7781b800 GCTaskThread "GC Thread#2" [stack: 0x00007000110f7000,0x00007000111f7000] [id=38915]
  0x00007f8b7781c000 GCTaskThread "GC Thread#3" [stack: 0x00007000111fa000,0x00007000112fa000] [id=38403]
  0x00007f8b778e6800 GCTaskThread "GC Thread#4" [stack: 0x00007000112fd000,0x00007000113fd000] [id=24067]
  0x00007f8b7681b800 GCTaskThread "GC Thread#5" [stack: 0x0000700011400000,0x0000700011500000] [id=37891]
  0x00007f8b78837000 ConcurrentGCThread "G1 Main Marker" [stack: 0x000070000fdbe000,0x000070000febe000] [id=19971]
  0x00007f8b78837800 ConcurrentGCThread "G1 Conc#0" [stack: 0x000070000fec1000,0x000070000ffc1000] [id=19715]
  0x00007f8b788e0800 ConcurrentGCThread "G1 Refine#0" [stack: 0x000070000ffc4000,0x00007000100c4000] [id=12291]
  0x00007f8b788e1000 ConcurrentGCThread "G1 Young RemSet Sampling" [stack: 0x00007000100c7000,0x00007000101c7000] [id=12547]

Threads with active compile tasks:

VM state:not at safepoint (normal execution)

VM Mutex/Monitor currently owned by a thread: None

Heap address: 0x0000000700000000, size: 4096 MB, Compressed Oops mode: Zero based, Oop shift amount: 3
Narrow klass base: 0x0000000800000000, Narrow klass shift: 0
Compressed class space size: 1073741824 Address: 0x0000000800000000

Heap:
 garbage-first heap   total 262144K, used 8601K [0x0000000700000000, 0x0000000800000000)
  region size 1024K, 10 young (10240K), 2 survivors (2048K)
 Metaspace       used 9098K, capacity 9214K, committed 9344K, reserved 1058816K
  class space    used 852K, capacity 881K, committed 896K, reserved 1048576K
Heap Regions: E=young(eden), S=young(survivor), O=old, HS=humongous(starts), HC=humongous(continues), CS=collection set, F=free, A=archive, TAMS=top-at-mark-start (previous, next)
|   0|0x0000000700000000, 0x0000000700000000, 0x0000000700100000|  0%| F|  |TAMS 0x0000000700000000, 0x0000000700000000| Untracked 
|   1|0x0000000700100000, 0x0000000700100000, 0x0000000700200000|  0%| F|  |TAMS 0x0000000700100000, 0x0000000700100000| Untracked 
|   2|0x0000000700200000, 0x0000000700200000, 0x0000000700300000|  0%| F|  |TAMS 0x0000000700200000, 0x0000000700200000| Untracked 
|   3|0x0000000700300000, 0x0000000700300000, 0x0000000700400000|  0%| F|  |TAMS 0x0000000700300000, 0x0000000700300000| Untracked 
|   4|0x0000000700400000, 0x0000000700400000, 0x0000000700500000|  0%| F|  |TAMS 0x0000000700400000, 0x0000000700400000| Untracked 
|   5|0x0000000700500000, 0x0000000700500000, 0x0000000700600000|  0%| F|  |TAMS 0x0000000700500000, 0x0000000700500000| Untracked 
|   6|0x0000000700600000, 0x0000000700600000, 0x0000000700700000|  0%| F|  |TAMS 0x0000000700600000, 0x0000000700600000| Untracked 
|   7|0x0000000700700000, 0x0000000700700000, 0x0000000700800000|  0%| F|  |TAMS 0x0000000700700000, 0x0000000700700000| Untracked 
|   8|0x0000000700800000, 0x0000000700800000, 0x0000000700900000|  0%| F|  |TAMS 0x0000000700800000, 0x0000000700800000| Untracked 
|   9|0x0000000700900000, 0x0000000700900000, 0x0000000700a00000|  0%| F|  |TAMS 0x0000000700900000, 0x0000000700900000| Untracked 
|  10|0x0000000700a00000, 0x0000000700a00000, 0x0000000700b00000|  0%| F|  |TAMS 0x0000000700a00000, 0x0000000700a00000| Untracked 
|  11|0x0000000700b00000, 0x0000000700b00000, 0x0000000700c00000|  0%| F|  |TAMS 0x0000000700b00000, 0x0000000700b00000| Untracked 
|  12|0x0000000700c00000, 0x0000000700c00000, 0x0000000700d00000|  0%| F|  |TAMS 0x0000000700c00000, 0x0000000700c00000| Untracked 
|  13|0x0000000700d00000, 0x0000000700d00000, 0x0000000700e00000|  0%| F|  |TAMS 0x0000000700d00000, 0x0000000700d00000| Untracked 
|  14|0x0000000700e00000, 0x0000000700e00000, 0x0000000700f00000|  0%| F|  |TAMS 0x0000000700e00000, 0x0000000700e00000| Untracked 
|  15|0x0000000700f00000, 0x0000000700f00000, 0x0000000701000000|  0%| F|  |TAMS 0x0000000700f00000, 0x0000000700f00000| Untracked 
|  16|0x0000000701000000, 0x0000000701000000, 0x0000000701100000|  0%| F|  |TAMS 0x0000000701000000, 0x0000000701000000| Untracked 
|  17|0x0000000701100000, 0x0000000701100000, 0x0000000701200000|  0%| F|  |TAMS 0x0000000701100000, 0x0000000701100000| Untracked 
|  18|0x0000000701200000, 0x0000000701200000, 0x0000000701300000|  0%| F|  |TAMS 0x0000000701200000, 0x0000000701200000| Untracked 
|  19|0x0000000701300000, 0x0000000701300000, 0x0000000701400000|  0%| F|  |TAMS 0x0000000701300000, 0x0000000701300000| Untracked 
|  20|0x0000000701400000, 0x0000000701400000, 0x0000000701500000|  0%| F|  |TAMS 0x0000000701400000, 0x0000000701400000| Untracked 
|  21|0x0000000701500000, 0x0000000701500000, 0x0000000701600000|  0%| F|  |TAMS 0x0000000701500000, 0x0000000701500000| Untracked 
|  22|0x0000000701600000, 0x0000000701600000, 0x0000000701700000|  0%| F|  |TAMS 0x0000000701600000, 0x0000000701600000| Untracked 
|  23|0x0000000701700000, 0x0000000701700000, 0x0000000701800000|  0%| F|  |TAMS 0x0000000701700000, 0x0000000701700000| Untracked 
|  24|0x0000000701800000, 0x0000000701800000, 0x0000000701900000|  0%| F|  |TAMS 0x0000000701800000, 0x0000000701800000| Untracked 
|  25|0x0000000701900000, 0x0000000701900000, 0x0000000701a00000|  0%| F|  |TAMS 0x0000000701900000, 0x0000000701900000| Untracked 
|  26|0x0000000701a00000, 0x0000000701a00000, 0x0000000701b00000|  0%| F|  |TAMS 0x0000000701a00000, 0x0000000701a00000| Untracked 
|  27|0x0000000701b00000, 0x0000000701b00000, 0x0000000701c00000|  0%| F|  |TAMS 0x0000000701b00000, 0x0000000701b00000| Untracked 
|  28|0x0000000701c00000, 0x0000000701c00000, 0x0000000701d00000|  0%| F|  |TAMS 0x0000000701c00000, 0x0000000701c00000| Untracked 
|  29|0x0000000701d00000, 0x0000000701d00000, 0x0000000701e00000|  0%| F|  |TAMS 0x0000000701d00000, 0x0000000701d00000| Untracked 
|  30|0x0000000701e00000, 0x0000000701e00000, 0x0000000701f00000|  0%| F|  |TAMS 0x0000000701e00000, 0x0000000701e00000| Untracked 
|  31|0x0000000701f00000, 0x0000000701f00000, 0x0000000702000000|  0%| F|  |TAMS 0x0000000701f00000, 0x0000000701f00000| Untracked 
|  32|0x0000000702000000, 0x0000000702000000, 0x0000000702100000|  0%| F|  |TAMS 0x0000000702000000, 0x0000000702000000| Untracked 
|  33|0x0000000702100000, 0x0000000702100000, 0x0000000702200000|  0%| F|  |TAMS 0x0000000702100000, 0x0000000702100000| Untracked 
|  34|0x0000000702200000, 0x0000000702200000, 0x0000000702300000|  0%| F|  |TAMS 0x0000000702200000, 0x0000000702200000| Untracked 
|  35|0x0000000702300000, 0x0000000702300000, 0x0000000702400000|  0%| F|  |TAMS 0x0000000702300000, 0x0000000702300000| Untracked 
|  36|0x0000000702400000, 0x0000000702400000, 0x0000000702500000|  0%| F|  |TAMS 0x0000000702400000, 0x0000000702400000| Untracked 
|  37|0x0000000702500000, 0x0000000702500000, 0x0000000702600000|  0%| F|  |TAMS 0x0000000702500000, 0x0000000702500000| Untracked 
|  38|0x0000000702600000, 0x0000000702600000, 0x0000000702700000|  0%| F|  |TAMS 0x0000000702600000, 0x0000000702600000| Untracked 
|  39|0x0000000702700000, 0x0000000702700000, 0x0000000702800000|  0%| F|  |TAMS 0x0000000702700000, 0x0000000702700000| Untracked 
|  40|0x0000000702800000, 0x0000000702800000, 0x0000000702900000|  0%| F|  |TAMS 0x0000000702800000, 0x0000000702800000| Untracked 
|  41|0x0000000702900000, 0x0000000702900000, 0x0000000702a00000|  0%| F|  |TAMS 0x0000000702900000, 0x0000000702900000| Untracked 
|  42|0x0000000702a00000, 0x0000000702a00000, 0x0000000702b00000|  0%| F|  |TAMS 0x0000000702a00000, 0x0000000702a00000| Untracked 
|  43|0x0000000702b00000, 0x0000000702b00000, 0x0000000702c00000|  0%| F|  |TAMS 0x0000000702b00000, 0x0000000702b00000| Untracked 
|  44|0x0000000702c00000, 0x0000000702c00000, 0x0000000702d00000|  0%| F|  |TAMS 0x0000000702c00000, 0x0000000702c00000| Untracked 
|  45|0x0000000702d00000, 0x0000000702d00000, 0x0000000702e00000|  0%| F|  |TAMS 0x0000000702d00000, 0x0000000702d00000| Untracked 
|  46|0x0000000702e00000, 0x0000000702e00000, 0x0000000702f00000|  0%| F|  |TAMS 0x0000000702e00000, 0x0000000702e00000| Untracked 
|  47|0x0000000702f00000, 0x0000000702f00000, 0x0000000703000000|  0%| F|  |TAMS 0x0000000702f00000, 0x0000000702f00000| Untracked 
|  48|0x0000000703000000, 0x0000000703000000, 0x0000000703100000|  0%| F|  |TAMS 0x0000000703000000, 0x0000000703000000| Untracked 
|  49|0x0000000703100000, 0x0000000703100000, 0x0000000703200000|  0%| F|  |TAMS 0x0000000703100000, 0x0000000703100000| Untracked 
|  50|0x0000000703200000, 0x0000000703200000, 0x0000000703300000|  0%| F|  |TAMS 0x0000000703200000, 0x0000000703200000| Untracked 
|  51|0x0000000703300000, 0x0000000703300000, 0x0000000703400000|  0%| F|  |TAMS 0x0000000703300000, 0x0000000703300000| Untracked 
|  52|0x0000000703400000, 0x0000000703400000, 0x0000000703500000|  0%| F|  |TAMS 0x0000000703400000, 0x0000000703400000| Untracked 
|  53|0x0000000703500000, 0x0000000703500000, 0x0000000703600000|  0%| F|  |TAMS 0x0000000703500000, 0x0000000703500000| Untracked 
|  54|0x0000000703600000, 0x0000000703600000, 0x0000000703700000|  0%| F|  |TAMS 0x0000000703600000, 0x0000000703600000| Untracked 
|  55|0x0000000703700000, 0x0000000703700000, 0x0000000703800000|  0%| F|  |TAMS 0x0000000703700000, 0x0000000703700000| Untracked 
|  56|0x0000000703800000, 0x0000000703800000, 0x0000000703900000|  0%| F|  |TAMS 0x0000000703800000, 0x0000000703800000| Untracked 
|  57|0x0000000703900000, 0x0000000703900000, 0x0000000703a00000|  0%| F|  |TAMS 0x0000000703900000, 0x0000000703900000| Untracked 
|  58|0x0000000703a00000, 0x0000000703a00000, 0x0000000703b00000|  0%| F|  |TAMS 0x0000000703a00000, 0x0000000703a00000| Untracked 
|  59|0x0000000703b00000, 0x0000000703b00000, 0x0000000703c00000|  0%| F|  |TAMS 0x0000000703b00000, 0x0000000703b00000| Untracked 
|  60|0x0000000703c00000, 0x0000000703c00000, 0x0000000703d00000|  0%| F|  |TAMS 0x0000000703c00000, 0x0000000703c00000| Untracked 
|  61|0x0000000703d00000, 0x0000000703d00000, 0x0000000703e00000|  0%| F|  |TAMS 0x0000000703d00000, 0x0000000703d00000| Untracked 
|  62|0x0000000703e00000, 0x0000000703e00000, 0x0000000703f00000|  0%| F|  |TAMS 0x0000000703e00000, 0x0000000703e00000| Untracked 
|  63|0x0000000703f00000, 0x0000000703f00000, 0x0000000704000000|  0%| F|  |TAMS 0x0000000703f00000, 0x0000000703f00000| Untracked 
|  64|0x0000000704000000, 0x0000000704000000, 0x0000000704100000|  0%| F|  |TAMS 0x0000000704000000, 0x0000000704000000| Untracked 
|  65|0x0000000704100000, 0x0000000704100000, 0x0000000704200000|  0%| F|  |TAMS 0x0000000704100000, 0x0000000704100000| Untracked 
|  66|0x0000000704200000, 0x0000000704200000, 0x0000000704300000|  0%| F|  |TAMS 0x0000000704200000, 0x0000000704200000| Untracked 
|  67|0x0000000704300000, 0x0000000704300000, 0x0000000704400000|  0%| F|  |TAMS 0x0000000704300000, 0x0000000704300000| Untracked 
|  68|0x0000000704400000, 0x0000000704400000, 0x0000000704500000|  0%| F|  |TAMS 0x0000000704400000, 0x0000000704400000| Untracked 
|  69|0x0000000704500000, 0x0000000704500000, 0x0000000704600000|  0%| F|  |TAMS 0x0000000704500000, 0x0000000704500000| Untracked 
|  70|0x0000000704600000, 0x0000000704600000, 0x0000000704700000|  0%| F|  |TAMS 0x0000000704600000, 0x0000000704600000| Untracked 
|  71|0x0000000704700000, 0x0000000704700000, 0x0000000704800000|  0%| F|  |TAMS 0x0000000704700000, 0x0000000704700000| Untracked 
|  72|0x0000000704800000, 0x0000000704800000, 0x0000000704900000|  0%| F|  |TAMS 0x0000000704800000, 0x0000000704800000| Untracked 
|  73|0x0000000704900000, 0x0000000704900000, 0x0000000704a00000|  0%| F|  |TAMS 0x0000000704900000, 0x0000000704900000| Untracked 
|  74|0x0000000704a00000, 0x0000000704a00000, 0x0000000704b00000|  0%| F|  |TAMS 0x0000000704a00000, 0x0000000704a00000| Untracked 
|  75|0x0000000704b00000, 0x0000000704b00000, 0x0000000704c00000|  0%| F|  |TAMS 0x0000000704b00000, 0x0000000704b00000| Untracked 
|  76|0x0000000704c00000, 0x0000000704c00000, 0x0000000704d00000|  0%| F|  |TAMS 0x0000000704c00000, 0x0000000704c00000| Untracked 
|  77|0x0000000704d00000, 0x0000000704d00000, 0x0000000704e00000|  0%| F|  |TAMS 0x0000000704d00000, 0x0000000704d00000| Untracked 
|  78|0x0000000704e00000, 0x0000000704e00000, 0x0000000704f00000|  0%| F|  |TAMS 0x0000000704e00000, 0x0000000704e00000| Untracked 
|  79|0x0000000704f00000, 0x0000000704f00000, 0x0000000705000000|  0%| F|  |TAMS 0x0000000704f00000, 0x0000000704f00000| Untracked 
|  80|0x0000000705000000, 0x0000000705000000, 0x0000000705100000|  0%| F|  |TAMS 0x0000000705000000, 0x0000000705000000| Untracked 
|  81|0x0000000705100000, 0x0000000705100000, 0x0000000705200000|  0%| F|  |TAMS 0x0000000705100000, 0x0000000705100000| Untracked 
|  82|0x0000000705200000, 0x0000000705200000, 0x0000000705300000|  0%| F|  |TAMS 0x0000000705200000, 0x0000000705200000| Untracked 
|  83|0x0000000705300000, 0x0000000705300000, 0x0000000705400000|  0%| F|  |TAMS 0x0000000705300000, 0x0000000705300000| Untracked 
|  84|0x0000000705400000, 0x0000000705400000, 0x0000000705500000|  0%| F|  |TAMS 0x0000000705400000, 0x0000000705400000| Untracked 
|  85|0x0000000705500000, 0x0000000705500000, 0x0000000705600000|  0%| F|  |TAMS 0x0000000705500000, 0x0000000705500000| Untracked 
|  86|0x0000000705600000, 0x0000000705600000, 0x0000000705700000|  0%| F|  |TAMS 0x0000000705600000, 0x0000000705600000| Untracked 
|  87|0x0000000705700000, 0x0000000705700000, 0x0000000705800000|  0%| F|  |TAMS 0x0000000705700000, 0x0000000705700000| Untracked 
|  88|0x0000000705800000, 0x0000000705800000, 0x0000000705900000|  0%| F|  |TAMS 0x0000000705800000, 0x0000000705800000| Untracked 
|  89|0x0000000705900000, 0x0000000705900000, 0x0000000705a00000|  0%| F|  |TAMS 0x0000000705900000, 0x0000000705900000| Untracked 
|  90|0x0000000705a00000, 0x0000000705a00000, 0x0000000705b00000|  0%| F|  |TAMS 0x0000000705a00000, 0x0000000705a00000| Untracked 
|  91|0x0000000705b00000, 0x0000000705b00000, 0x0000000705c00000|  0%| F|  |TAMS 0x0000000705b00000, 0x0000000705b00000| Untracked 
|  92|0x0000000705c00000, 0x0000000705c00000, 0x0000000705d00000|  0%| F|  |TAMS 0x0000000705c00000, 0x0000000705c00000| Untracked 
|  93|0x0000000705d00000, 0x0000000705d00000, 0x0000000705e00000|  0%| F|  |TAMS 0x0000000705d00000, 0x0000000705d00000| Untracked 
|  94|0x0000000705e00000, 0x0000000705e00000, 0x0000000705f00000|  0%| F|  |TAMS 0x0000000705e00000, 0x0000000705e00000| Untracked 
|  95|0x0000000705f00000, 0x0000000705f00000, 0x0000000706000000|  0%| F|  |TAMS 0x0000000705f00000, 0x0000000705f00000| Untracked 
|  96|0x0000000706000000, 0x0000000706000000, 0x0000000706100000|  0%| F|  |TAMS 0x0000000706000000, 0x0000000706000000| Untracked 
|  97|0x0000000706100000, 0x0000000706100000, 0x0000000706200000|  0%| F|  |TAMS 0x0000000706100000, 0x0000000706100000| Untracked 
|  98|0x0000000706200000, 0x0000000706200000, 0x0000000706300000|  0%| F|  |TAMS 0x0000000706200000, 0x0000000706200000| Untracked 
|  99|0x0000000706300000, 0x0000000706300000, 0x0000000706400000|  0%| F|  |TAMS 0x0000000706300000, 0x0000000706300000| Untracked 
| 100|0x0000000706400000, 0x0000000706400000, 0x0000000706500000|  0%| F|  |TAMS 0x0000000706400000, 0x0000000706400000| Untracked 
| 101|0x0000000706500000, 0x0000000706500000, 0x0000000706600000|  0%| F|  |TAMS 0x0000000706500000, 0x0000000706500000| Untracked 
| 102|0x0000000706600000, 0x0000000706600000, 0x0000000706700000|  0%| F|  |TAMS 0x0000000706600000, 0x0000000706600000| Untracked 
| 103|0x0000000706700000, 0x0000000706700000, 0x0000000706800000|  0%| F|  |TAMS 0x0000000706700000, 0x0000000706700000| Untracked 
| 104|0x0000000706800000, 0x0000000706800000, 0x0000000706900000|  0%| F|  |TAMS 0x0000000706800000, 0x0000000706800000| Untracked 
| 105|0x0000000706900000, 0x0000000706900000, 0x0000000706a00000|  0%| F|  |TAMS 0x0000000706900000, 0x0000000706900000| Untracked 
| 106|0x0000000706a00000, 0x0000000706a00000, 0x0000000706b00000|  0%| F|  |TAMS 0x0000000706a00000, 0x0000000706a00000| Untracked 
| 107|0x0000000706b00000, 0x0000000706b00000, 0x0000000706c00000|  0%| F|  |TAMS 0x0000000706b00000, 0x0000000706b00000| Untracked 
| 108|0x0000000706c00000, 0x0000000706c00000, 0x0000000706d00000|  0%| F|  |TAMS 0x0000000706c00000, 0x0000000706c00000| Untracked 
| 109|0x0000000706d00000, 0x0000000706d00000, 0x0000000706e00000|  0%| F|  |TAMS 0x0000000706d00000, 0x0000000706d00000| Untracked 
| 110|0x0000000706e00000, 0x0000000706e00000, 0x0000000706f00000|  0%| F|  |TAMS 0x0000000706e00000, 0x0000000706e00000| Untracked 
| 111|0x0000000706f00000, 0x0000000706f00000, 0x0000000707000000|  0%| F|  |TAMS 0x0000000706f00000, 0x0000000706f00000| Untracked 
| 112|0x0000000707000000, 0x0000000707000000, 0x0000000707100000|  0%| F|  |TAMS 0x0000000707000000, 0x0000000707000000| Untracked 
| 113|0x0000000707100000, 0x0000000707100000, 0x0000000707200000|  0%| F|  |TAMS 0x0000000707100000, 0x0000000707100000| Untracked 
| 114|0x0000000707200000, 0x0000000707200000, 0x0000000707300000|  0%| F|  |TAMS 0x0000000707200000, 0x0000000707200000| Untracked 
| 115|0x0000000707300000, 0x0000000707300000, 0x0000000707400000|  0%| F|  |TAMS 0x0000000707300000, 0x0000000707300000| Untracked 
| 116|0x0000000707400000, 0x0000000707400000, 0x0000000707500000|  0%| F|  |TAMS 0x0000000707400000, 0x0000000707400000| Untracked 
| 117|0x0000000707500000, 0x0000000707500000, 0x0000000707600000|  0%| F|  |TAMS 0x0000000707500000, 0x0000000707500000| Untracked 
| 118|0x0000000707600000, 0x0000000707600000, 0x0000000707700000|  0%| F|  |TAMS 0x0000000707600000, 0x0000000707600000| Untracked 
| 119|0x0000000707700000, 0x0000000707700000, 0x0000000707800000|  0%| F|  |TAMS 0x0000000707700000, 0x0000000707700000| Untracked 
| 120|0x0000000707800000, 0x0000000707800000, 0x0000000707900000|  0%| F|  |TAMS 0x0000000707800000, 0x0000000707800000| Untracked 
| 121|0x0000000707900000, 0x0000000707900000, 0x0000000707a00000|  0%| F|  |TAMS 0x0000000707900000, 0x0000000707900000| Untracked 
| 122|0x0000000707a00000, 0x0000000707a00000, 0x0000000707b00000|  0%| F|  |TAMS 0x0000000707a00000, 0x0000000707a00000| Untracked 
| 123|0x0000000707b00000, 0x0000000707b00000, 0x0000000707c00000|  0%| F|  |TAMS 0x0000000707b00000, 0x0000000707b00000| Untracked 
| 124|0x0000000707c00000, 0x0000000707c00000, 0x0000000707d00000|  0%| F|  |TAMS 0x0000000707c00000, 0x0000000707c00000| Untracked 
| 125|0x0000000707d00000, 0x0000000707d00000, 0x0000000707e00000|  0%| F|  |TAMS 0x0000000707d00000, 0x0000000707d00000| Untracked 
| 126|0x0000000707e00000, 0x0000000707e00000, 0x0000000707f00000|  0%| F|  |TAMS 0x0000000707e00000, 0x0000000707e00000| Untracked 
| 127|0x0000000707f00000, 0x0000000707f00000, 0x0000000708000000|  0%| F|  |TAMS 0x0000000707f00000, 0x0000000707f00000| Untracked 
| 128|0x0000000708000000, 0x0000000708000000, 0x0000000708100000|  0%| F|  |TAMS 0x0000000708000000, 0x0000000708000000| Untracked 
| 129|0x0000000708100000, 0x0000000708100000, 0x0000000708200000|  0%| F|  |TAMS 0x0000000708100000, 0x0000000708100000| Untracked 
| 130|0x0000000708200000, 0x0000000708200000, 0x0000000708300000|  0%| F|  |TAMS 0x0000000708200000, 0x0000000708200000| Untracked 
| 131|0x0000000708300000, 0x0000000708300000, 0x0000000708400000|  0%| F|  |TAMS 0x0000000708300000, 0x0000000708300000| Untracked 
| 132|0x0000000708400000, 0x0000000708400000, 0x0000000708500000|  0%| F|  |TAMS 0x0000000708400000, 0x0000000708400000| Untracked 
| 133|0x0000000708500000, 0x0000000708500000, 0x0000000708600000|  0%| F|  |TAMS 0x0000000708500000, 0x0000000708500000| Untracked 
| 134|0x0000000708600000, 0x0000000708600000, 0x0000000708700000|  0%| F|  |TAMS 0x0000000708600000, 0x0000000708600000| Untracked 
| 135|0x0000000708700000, 0x0000000708700000, 0x0000000708800000|  0%| F|  |TAMS 0x0000000708700000, 0x0000000708700000| Untracked 
| 136|0x0000000708800000, 0x0000000708800000, 0x0000000708900000|  0%| F|  |TAMS 0x0000000708800000, 0x0000000708800000| Untracked 
| 137|0x0000000708900000, 0x0000000708900000, 0x0000000708a00000|  0%| F|  |TAMS 0x0000000708900000, 0x0000000708900000| Untracked 
| 138|0x0000000708a00000, 0x0000000708a00000, 0x0000000708b00000|  0%| F|  |TAMS 0x0000000708a00000, 0x0000000708a00000| Untracked 
| 139|0x0000000708b00000, 0x0000000708b00000, 0x0000000708c00000|  0%| F|  |TAMS 0x0000000708b00000, 0x0000000708b00000| Untracked 
| 140|0x0000000708c00000, 0x0000000708c00000, 0x0000000708d00000|  0%| F|  |TAMS 0x0000000708c00000, 0x0000000708c00000| Untracked 
| 141|0x0000000708d00000, 0x0000000708d00000, 0x0000000708e00000|  0%| F|  |TAMS 0x0000000708d00000, 0x0000000708d00000| Untracked 
| 142|0x0000000708e00000, 0x0000000708e00000, 0x0000000708f00000|  0%| F|  |TAMS 0x0000000708e00000, 0x0000000708e00000| Untracked 
| 143|0x0000000708f00000, 0x0000000708f00000, 0x0000000709000000|  0%| F|  |TAMS 0x0000000708f00000, 0x0000000708f00000| Untracked 
| 144|0x0000000709000000, 0x0000000709000000, 0x0000000709100000|  0%| F|  |TAMS 0x0000000709000000, 0x0000000709000000| Untracked 
| 145|0x0000000709100000, 0x0000000709100000, 0x0000000709200000|  0%| F|  |TAMS 0x0000000709100000, 0x0000000709100000| Untracked 
| 146|0x0000000709200000, 0x0000000709200000, 0x0000000709300000|  0%| F|  |TAMS 0x0000000709200000, 0x0000000709200000| Untracked 
| 147|0x0000000709300000, 0x0000000709300000, 0x0000000709400000|  0%| F|  |TAMS 0x0000000709300000, 0x0000000709300000| Untracked 
| 148|0x0000000709400000, 0x0000000709400000, 0x0000000709500000|  0%| F|  |TAMS 0x0000000709400000, 0x0000000709400000| Untracked 
| 149|0x0000000709500000, 0x0000000709500000, 0x0000000709600000|  0%| F|  |TAMS 0x0000000709500000, 0x0000000709500000| Untracked 
| 150|0x0000000709600000, 0x0000000709600000, 0x0000000709700000|  0%| F|  |TAMS 0x0000000709600000, 0x0000000709600000| Untracked 
| 151|0x0000000709700000, 0x0000000709700000, 0x0000000709800000|  0%| F|  |TAMS 0x0000000709700000, 0x0000000709700000| Untracked 
| 152|0x0000000709800000, 0x0000000709800000, 0x0000000709900000|  0%| F|  |TAMS 0x0000000709800000, 0x0000000709800000| Untracked 
| 153|0x0000000709900000, 0x0000000709900000, 0x0000000709a00000|  0%| F|  |TAMS 0x0000000709900000, 0x0000000709900000| Untracked 
| 154|0x0000000709a00000, 0x0000000709a00000, 0x0000000709b00000|  0%| F|  |TAMS 0x0000000709a00000, 0x0000000709a00000| Untracked 
| 155|0x0000000709b00000, 0x0000000709b00000, 0x0000000709c00000|  0%| F|  |TAMS 0x0000000709b00000, 0x0000000709b00000| Untracked 
| 156|0x0000000709c00000, 0x0000000709c00000, 0x0000000709d00000|  0%| F|  |TAMS 0x0000000709c00000, 0x0000000709c00000| Untracked 
| 157|0x0000000709d00000, 0x0000000709d00000, 0x0000000709e00000|  0%| F|  |TAMS 0x0000000709d00000, 0x0000000709d00000| Untracked 
| 158|0x0000000709e00000, 0x0000000709e00000, 0x0000000709f00000|  0%| F|  |TAMS 0x0000000709e00000, 0x0000000709e00000| Untracked 
| 159|0x0000000709f00000, 0x0000000709f00000, 0x000000070a000000|  0%| F|  |TAMS 0x0000000709f00000, 0x0000000709f00000| Untracked 
| 160|0x000000070a000000, 0x000000070a000000, 0x000000070a100000|  0%| F|  |TAMS 0x000000070a000000, 0x000000070a000000| Untracked 
| 161|0x000000070a100000, 0x000000070a100000, 0x000000070a200000|  0%| F|  |TAMS 0x000000070a100000, 0x000000070a100000| Untracked 
| 162|0x000000070a200000, 0x000000070a200000, 0x000000070a300000|  0%| F|  |TAMS 0x000000070a200000, 0x000000070a200000| Untracked 
| 163|0x000000070a300000, 0x000000070a300000, 0x000000070a400000|  0%| F|  |TAMS 0x000000070a300000, 0x000000070a300000| Untracked 
| 164|0x000000070a400000, 0x000000070a400000, 0x000000070a500000|  0%| F|  |TAMS 0x000000070a400000, 0x000000070a400000| Untracked 
| 165|0x000000070a500000, 0x000000070a500000, 0x000000070a600000|  0%| F|  |TAMS 0x000000070a500000, 0x000000070a500000| Untracked 
| 166|0x000000070a600000, 0x000000070a600000, 0x000000070a700000|  0%| F|  |TAMS 0x000000070a600000, 0x000000070a600000| Untracked 
| 167|0x000000070a700000, 0x000000070a700000, 0x000000070a800000|  0%| F|  |TAMS 0x000000070a700000, 0x000000070a700000| Untracked 
| 168|0x000000070a800000, 0x000000070a800000, 0x000000070a900000|  0%| F|  |TAMS 0x000000070a800000, 0x000000070a800000| Untracked 
| 169|0x000000070a900000, 0x000000070a900000, 0x000000070aa00000|  0%| F|  |TAMS 0x000000070a900000, 0x000000070a900000| Untracked 
| 170|0x000000070aa00000, 0x000000070aa00000, 0x000000070ab00000|  0%| F|  |TAMS 0x000000070aa00000, 0x000000070aa00000| Untracked 
| 171|0x000000070ab00000, 0x000000070ab00000, 0x000000070ac00000|  0%| F|  |TAMS 0x000000070ab00000, 0x000000070ab00000| Untracked 
| 172|0x000000070ac00000, 0x000000070ac00000, 0x000000070ad00000|  0%| F|  |TAMS 0x000000070ac00000, 0x000000070ac00000| Untracked 
| 173|0x000000070ad00000, 0x000000070ad00000, 0x000000070ae00000|  0%| F|  |TAMS 0x000000070ad00000, 0x000000070ad00000| Untracked 
| 174|0x000000070ae00000, 0x000000070ae00000, 0x000000070af00000|  0%| F|  |TAMS 0x000000070ae00000, 0x000000070ae00000| Untracked 
| 175|0x000000070af00000, 0x000000070af00000, 0x000000070b000000|  0%| F|  |TAMS 0x000000070af00000, 0x000000070af00000| Untracked 
| 176|0x000000070b000000, 0x000000070b000000, 0x000000070b100000|  0%| F|  |TAMS 0x000000070b000000, 0x000000070b000000| Untracked 
| 177|0x000000070b100000, 0x000000070b100000, 0x000000070b200000|  0%| F|  |TAMS 0x000000070b100000, 0x000000070b100000| Untracked 
| 178|0x000000070b200000, 0x000000070b200000, 0x000000070b300000|  0%| F|  |TAMS 0x000000070b200000, 0x000000070b200000| Untracked 
| 179|0x000000070b300000, 0x000000070b300000, 0x000000070b400000|  0%| F|  |TAMS 0x000000070b300000, 0x000000070b300000| Untracked 
| 180|0x000000070b400000, 0x000000070b400000, 0x000000070b500000|  0%| F|  |TAMS 0x000000070b400000, 0x000000070b400000| Untracked 
| 181|0x000000070b500000, 0x000000070b500000, 0x000000070b600000|  0%| F|  |TAMS 0x000000070b500000, 0x000000070b500000| Untracked 
| 182|0x000000070b600000, 0x000000070b600000, 0x000000070b700000|  0%| F|  |TAMS 0x000000070b600000, 0x000000070b600000| Untracked 
| 183|0x000000070b700000, 0x000000070b700000, 0x000000070b800000|  0%| F|  |TAMS 0x000000070b700000, 0x000000070b700000| Untracked 
| 184|0x000000070b800000, 0x000000070b800000, 0x000000070b900000|  0%| F|  |TAMS 0x000000070b800000, 0x000000070b800000| Untracked 
| 185|0x000000070b900000, 0x000000070b900000, 0x000000070ba00000|  0%| F|  |TAMS 0x000000070b900000, 0x000000070b900000| Untracked 
| 186|0x000000070ba00000, 0x000000070ba00000, 0x000000070bb00000|  0%| F|  |TAMS 0x000000070ba00000, 0x000000070ba00000| Untracked 
| 187|0x000000070bb00000, 0x000000070bb00000, 0x000000070bc00000|  0%| F|  |TAMS 0x000000070bb00000, 0x000000070bb00000| Untracked 
| 188|0x000000070bc00000, 0x000000070bc00000, 0x000000070bd00000|  0%| F|  |TAMS 0x000000070bc00000, 0x000000070bc00000| Untracked 
| 189|0x000000070bd00000, 0x000000070bd00000, 0x000000070be00000|  0%| F|  |TAMS 0x000000070bd00000, 0x000000070bd00000| Untracked 
| 190|0x000000070be00000, 0x000000070be00000, 0x000000070bf00000|  0%| F|  |TAMS 0x000000070be00000, 0x000000070be00000| Untracked 
| 191|0x000000070bf00000, 0x000000070bf00000, 0x000000070c000000|  0%| F|  |TAMS 0x000000070bf00000, 0x000000070bf00000| Untracked 
| 192|0x000000070c000000, 0x000000070c000000, 0x000000070c100000|  0%| F|  |TAMS 0x000000070c000000, 0x000000070c000000| Untracked 
| 193|0x000000070c100000, 0x000000070c100000, 0x000000070c200000|  0%| F|  |TAMS 0x000000070c100000, 0x000000070c100000| Untracked 
| 194|0x000000070c200000, 0x000000070c200000, 0x000000070c300000|  0%| F|  |TAMS 0x000000070c200000, 0x000000070c200000| Untracked 
| 195|0x000000070c300000, 0x000000070c300000, 0x000000070c400000|  0%| F|  |TAMS 0x000000070c300000, 0x000000070c300000| Untracked 
| 196|0x000000070c400000, 0x000000070c400000, 0x000000070c500000|  0%| F|  |TAMS 0x000000070c400000, 0x000000070c400000| Untracked 
| 197|0x000000070c500000, 0x000000070c500000, 0x000000070c600000|  0%| F|  |TAMS 0x000000070c500000, 0x000000070c500000| Untracked 
| 198|0x000000070c600000, 0x000000070c600000, 0x000000070c700000|  0%| F|  |TAMS 0x000000070c600000, 0x000000070c600000| Untracked 
| 199|0x000000070c700000, 0x000000070c700000, 0x000000070c800000|  0%| F|  |TAMS 0x000000070c700000, 0x000000070c700000| Untracked 
| 200|0x000000070c800000, 0x000000070c800000, 0x000000070c900000|  0%| F|  |TAMS 0x000000070c800000, 0x000000070c800000| Untracked 
| 201|0x000000070c900000, 0x000000070c900000, 0x000000070ca00000|  0%| F|  |TAMS 0x000000070c900000, 0x000000070c900000| Untracked 
| 202|0x000000070ca00000, 0x000000070ca00000, 0x000000070cb00000|  0%| F|  |TAMS 0x000000070ca00000, 0x000000070ca00000| Untracked 
| 203|0x000000070cb00000, 0x000000070cb00000, 0x000000070cc00000|  0%| F|  |TAMS 0x000000070cb00000, 0x000000070cb00000| Untracked 
| 204|0x000000070cc00000, 0x000000070cc00000, 0x000000070cd00000|  0%| F|  |TAMS 0x000000070cc00000, 0x000000070cc00000| Untracked 
| 205|0x000000070cd00000, 0x000000070cd00000, 0x000000070ce00000|  0%| F|  |TAMS 0x000000070cd00000, 0x000000070cd00000| Untracked 
| 206|0x000000070ce00000, 0x000000070ce00000, 0x000000070cf00000|  0%| F|  |TAMS 0x000000070ce00000, 0x000000070ce00000| Untracked 
| 207|0x000000070cf00000, 0x000000070cf00000, 0x000000070d000000|  0%| F|  |TAMS 0x000000070cf00000, 0x000000070cf00000| Untracked 
| 208|0x000000070d000000, 0x000000070d000000, 0x000000070d100000|  0%| F|  |TAMS 0x000000070d000000, 0x000000070d000000| Untracked 
| 209|0x000000070d100000, 0x000000070d100000, 0x000000070d200000|  0%| F|  |TAMS 0x000000070d100000, 0x000000070d100000| Untracked 
| 210|0x000000070d200000, 0x000000070d200000, 0x000000070d300000|  0%| F|  |TAMS 0x000000070d200000, 0x000000070d200000| Untracked 
| 211|0x000000070d300000, 0x000000070d300000, 0x000000070d400000|  0%| F|  |TAMS 0x000000070d300000, 0x000000070d300000| Untracked 
| 212|0x000000070d400000, 0x000000070d400000, 0x000000070d500000|  0%| F|  |TAMS 0x000000070d400000, 0x000000070d400000| Untracked 
| 213|0x000000070d500000, 0x000000070d500000, 0x000000070d600000|  0%| F|  |TAMS 0x000000070d500000, 0x000000070d500000| Untracked 
| 214|0x000000070d600000, 0x000000070d600000, 0x000000070d700000|  0%| F|  |TAMS 0x000000070d600000, 0x000000070d600000| Untracked 
| 215|0x000000070d700000, 0x000000070d700000, 0x000000070d800000|  0%| F|  |TAMS 0x000000070d700000, 0x000000070d700000| Untracked 
| 216|0x000000070d800000, 0x000000070d800000, 0x000000070d900000|  0%| F|  |TAMS 0x000000070d800000, 0x000000070d800000| Untracked 
| 217|0x000000070d900000, 0x000000070d900000, 0x000000070da00000|  0%| F|  |TAMS 0x000000070d900000, 0x000000070d900000| Untracked 
| 218|0x000000070da00000, 0x000000070da00000, 0x000000070db00000|  0%| F|  |TAMS 0x000000070da00000, 0x000000070da00000| Untracked 
| 219|0x000000070db00000, 0x000000070db00000, 0x000000070dc00000|  0%| F|  |TAMS 0x000000070db00000, 0x000000070db00000| Untracked 
| 220|0x000000070dc00000, 0x000000070dc00000, 0x000000070dd00000|  0%| F|  |TAMS 0x000000070dc00000, 0x000000070dc00000| Untracked 
| 221|0x000000070dd00000, 0x000000070dd00000, 0x000000070de00000|  0%| F|  |TAMS 0x000000070dd00000, 0x000000070dd00000| Untracked 
| 222|0x000000070de00000, 0x000000070de00000, 0x000000070df00000|  0%| F|  |TAMS 0x000000070de00000, 0x000000070de00000| Untracked 
| 223|0x000000070df00000, 0x000000070df00000, 0x000000070e000000|  0%| F|  |TAMS 0x000000070df00000, 0x000000070df00000| Untracked 
| 224|0x000000070e000000, 0x000000070e000000, 0x000000070e100000|  0%| F|  |TAMS 0x000000070e000000, 0x000000070e000000| Untracked 
| 225|0x000000070e100000, 0x000000070e100000, 0x000000070e200000|  0%| F|  |TAMS 0x000000070e100000, 0x000000070e100000| Untracked 
| 226|0x000000070e200000, 0x000000070e200000, 0x000000070e300000|  0%| F|  |TAMS 0x000000070e200000, 0x000000070e200000| Untracked 
| 227|0x000000070e300000, 0x000000070e300000, 0x000000070e400000|  0%| F|  |TAMS 0x000000070e300000, 0x000000070e300000| Untracked 
| 228|0x000000070e400000, 0x000000070e400000, 0x000000070e500000|  0%| F|  |TAMS 0x000000070e400000, 0x000000070e400000| Untracked 
| 229|0x000000070e500000, 0x000000070e500000, 0x000000070e600000|  0%| F|  |TAMS 0x000000070e500000, 0x000000070e500000| Untracked 
| 230|0x000000070e600000, 0x000000070e6665e8, 0x000000070e700000| 39%| S|CS|TAMS 0x000000070e600000, 0x000000070e600000| Complete 
| 231|0x000000070e700000, 0x000000070e800000, 0x000000070e800000|100%| S|CS|TAMS 0x000000070e700000, 0x000000070e700000| Complete 
| 232|0x000000070e800000, 0x000000070e800000, 0x000000070e900000|  0%| F|  |TAMS 0x000000070e800000, 0x000000070e800000| Untracked 
| 233|0x000000070e900000, 0x000000070e900000, 0x000000070ea00000|  0%| F|  |TAMS 0x000000070e900000, 0x000000070e900000| Untracked 
| 234|0x000000070ea00000, 0x000000070ea00000, 0x000000070eb00000|  0%| F|  |TAMS 0x000000070ea00000, 0x000000070ea00000| Untracked 
| 235|0x000000070eb00000, 0x000000070eb00000, 0x000000070ec00000|  0%| F|  |TAMS 0x000000070eb00000, 0x000000070eb00000| Untracked 
| 236|0x000000070ec00000, 0x000000070ec00000, 0x000000070ed00000|  0%| F|  |TAMS 0x000000070ec00000, 0x000000070ec00000| Untracked 
| 237|0x000000070ed00000, 0x000000070ed00000, 0x000000070ee00000|  0%| F|  |TAMS 0x000000070ed00000, 0x000000070ed00000| Untracked 
| 238|0x000000070ee00000, 0x000000070ee00000, 0x000000070ef00000|  0%| F|  |TAMS 0x000000070ee00000, 0x000000070ee00000| Untracked 
| 239|0x000000070ef00000, 0x000000070ef00000, 0x000000070f000000|  0%| F|  |TAMS 0x000000070ef00000, 0x000000070ef00000| Untracked 
| 240|0x000000070f000000, 0x000000070f000000, 0x000000070f100000|  0%| F|  |TAMS 0x000000070f000000, 0x000000070f000000| Untracked 
| 241|0x000000070f100000, 0x000000070f100000, 0x000000070f200000|  0%| F|  |TAMS 0x000000070f100000, 0x000000070f100000| Untracked 
| 242|0x000000070f200000, 0x000000070f200000, 0x000000070f300000|  0%| F|  |TAMS 0x000000070f200000, 0x000000070f200000| Untracked 
| 243|0x000000070f300000, 0x000000070f300000, 0x000000070f400000|  0%| F|  |TAMS 0x000000070f300000, 0x000000070f300000| Untracked 
| 244|0x000000070f400000, 0x000000070f400000, 0x000000070f500000|  0%| F|  |TAMS 0x000000070f400000, 0x000000070f400000| Untracked 
| 245|0x000000070f500000, 0x000000070f500000, 0x000000070f600000|  0%| F|  |TAMS 0x000000070f500000, 0x000000070f500000| Untracked 
| 246|0x000000070f600000, 0x000000070f600000, 0x000000070f700000|  0%| F|  |TAMS 0x000000070f600000, 0x000000070f600000| Untracked 
| 247|0x000000070f700000, 0x000000070f700000, 0x000000070f800000|  0%| F|  |TAMS 0x000000070f700000, 0x000000070f700000| Untracked 
| 248|0x000000070f800000, 0x000000070f880800, 0x000000070f900000| 50%| E|  |TAMS 0x000000070f800000, 0x000000070f800000| Complete 
| 249|0x000000070f900000, 0x000000070fa00000, 0x000000070fa00000|100%| E|CS|TAMS 0x000000070f900000, 0x000000070f900000| Complete 
| 250|0x000000070fa00000, 0x000000070fb00000, 0x000000070fb00000|100%| E|CS|TAMS 0x000000070fa00000, 0x000000070fa00000| Complete 
| 251|0x000000070fb00000, 0x000000070fc00000, 0x000000070fc00000|100%| E|CS|TAMS 0x000000070fb00000, 0x000000070fb00000| Complete 
| 252|0x000000070fc00000, 0x000000070fd00000, 0x000000070fd00000|100%| E|CS|TAMS 0x000000070fc00000, 0x000000070fc00000| Complete 
| 253|0x000000070fd00000, 0x000000070fe00000, 0x000000070fe00000|100%| E|CS|TAMS 0x000000070fd00000, 0x000000070fd00000| Complete 
| 254|0x000000070fe00000, 0x000000070ff00000, 0x000000070ff00000|100%| E|CS|TAMS 0x000000070fe00000, 0x000000070fe00000| Complete 
| 255|0x000000070ff00000, 0x0000000710000000, 0x0000000710000000|100%| E|CS|TAMS 0x000000070ff00000, 0x000000070ff00000| Complete 

Card table byte_map: [0x000000010e467000,0x000000010ec67000] _byte_map_base: 0x000000010ac67000

Marking Bits (Prev, Next): (CMBitMap*) 0x00007f8b78826418, (CMBitMap*) 0x00007f8b78826450
 Prev Bits: [0x000000011f408000, 0x0000000123408000)
 Next Bits: [0x0000000123408000, 0x0000000127408000)

Polling page: 0x0000000106bd3000

Metaspace:

Usage:
  Non-class:      8.14 MB capacity,     8.05 MB ( 99%) used,    79.14 KB ( <1%) free+waste,     8.19 KB ( <1%) overhead. 
      Class:    881.00 KB capacity,   852.79 KB ( 97%) used,    24.71 KB (  3%) free+waste,     3.50 KB ( <1%) overhead. 
       Both:      9.00 MB capacity,     8.89 MB ( 99%) used,   103.85 KB (  1%) free+waste,    11.69 KB ( <1%) overhead. 

Virtual space:
  Non-class space:       10.00 MB reserved,       8.25 MB ( 82%) committed 
      Class space:        1.00 GB reserved,     896.00 KB ( <1%) committed 
             Both:        1.01 GB reserved,       9.12 MB ( <1%) committed 

Chunk freelists:
   Non-Class:  71.00 KB
       Class:  15.00 KB
        Both:  86.00 KB

CodeHeap 'non-profiled nmethods': size=120032Kb used=267Kb max_used=267Kb free=119764Kb
 bounds [0x0000000117ed0000, 0x0000000118140000, 0x000000011f408000]
CodeHeap 'profiled nmethods': size=120028Kb used=1488Kb max_used=1488Kb free=118539Kb
 bounds [0x0000000110999000, 0x0000000110c09000, 0x0000000117ed0000]
CodeHeap 'non-nmethods': size=5700Kb used=1134Kb max_used=1147Kb free=4565Kb
 bounds [0x0000000110408000, 0x0000000110678000, 0x0000000110999000]
 total_blobs=1360 nmethods=788 adapters=286
 compilation: enabled
              stopped_count=0, restarted_count=0
 full_count=0

Compilation events (10 events):
Event: 0.720 Thread 0x00007f8b76817000 nmethod 786 0x0000000117f11d90 code [0x0000000117f11f40, 0x0000000117f12090]
Event: 0.720 Thread 0x00007f8b76817000  784       3       java.lang.CharacterDataLatin1::getType (11 bytes)
Event: 0.720 Thread 0x00007f8b76817000 nmethod 784 0x0000000110b0b410 code [0x0000000110b0b5e0, 0x0000000110b0b7f0]
Event: 0.720 Thread 0x00007f8b76817000  785       3       java.net.URI$Parser::checkChars (44 bytes)
Event: 0.721 Thread 0x00007f8b76817000 nmethod 785 0x0000000110b0b910 code [0x0000000110b0bba0, 0x0000000110b0c5c8]
Event: 0.721 Thread 0x00007f8b76817000  787       3       java.nio.CharBuffer::hasArray (20 bytes)
Event: 0.721 Thread 0x00007f8b76817000 nmethod 787 0x0000000110b0ca10 code [0x0000000110b0cbc0, 0x0000000110b0cdb0]
Event: 0.722 Thread 0x00007f8b76817000  788       3       java.nio.ByteBuffer::hasArray (20 bytes)
Event: 0.722 Thread 0x00007f8b76817000 nmethod 788 0x0000000110b0ce10 code [0x0000000110b0cfc0, 0x0000000110b0d1b0]
Event: 0.722 Thread 0x00007f8b78001000 nmethod 773 0x0000000117f12190 code [0x0000000117f12340, 0x0000000117f12b98]

GC Heap History (2 events):
Event: 0.563 GC heap before
{Heap before GC invocations=0 (full 0):
 garbage-first heap   total 262144K, used 24576K [0x0000000700000000, 0x0000000800000000)
  region size 1024K, 24 young (24576K), 0 survivors (0K)
 Metaspace       used 8579K, capacity 8670K, committed 8832K, reserved 1056768K
  class space    used 761K, capacity 785K, committed 896K, reserved 1048576K
}
Event: 0.565 GC heap after
{Heap after GC invocations=1 (full 0):
 garbage-first heap   total 262144K, used 1433K [0x0000000700000000, 0x0000000800000000)
  region size 1024K, 2 young (2048K), 2 survivors (2048K)
 Metaspace       used 8579K, capacity 8670K, committed 8832K, reserved 1056768K
  class space    used 761K, capacity 785K, committed 896K, reserved 1048576K
}

Deoptimization events (4 events):
Event: 0.391 Thread 0x00007f8b76802800 Uncommon trap: reason=class_check action=maybe_recompile pc=0x0000000117edd894 method=java.util.HashMap.putVal(ILjava/lang/Object;Ljava/lang/Object;ZZ)Ljava/lang/Object; @ 253 c2
Event: 0.391 Thread 0x00007f8b76802800 Uncommon trap: reason=unstable_if action=reinterpret pc=0x0000000117edd860 method=java.util.HashMap.putVal(ILjava/lang/Object;Ljava/lang/Object;ZZ)Ljava/lang/Object; @ 181 c2
Event: 0.442 Thread 0x00007f8b76802800 Uncommon trap: reason=bimorphic_or_optimized_type_check action=maybe_recompile pc=0x0000000117eeee50 method=java.util.HashMap.getNode(ILjava/lang/Object;)Ljava/util/HashMap$Node; @ 126 c2
Event: 0.461 Thread 0x00007f8b76802800 Uncommon trap: reason=bimorphic_or_optimized_type_check action=maybe_recompile pc=0x0000000117eeee50 method=java.util.HashMap.getNode(ILjava/lang/Object;)Ljava/util/HashMap$Node; @ 126 c2

Classes redefined (0 events):
No events

Internal exceptions (10 events):
Event: 0.257 Thread 0x00007f8b76802800 Exception <a 'java/security/PrivilegedActionException'{0x000000070fd054b8}> (0x000000070fd054b8) thrown at [/opt/buildAgent/work/5ff2f6c26000d570/src/hotspot/share/prims/jvm.cpp, line 1300]
Event: 0.257 Thread 0x00007f8b76802800 Exception <a 'java/security/PrivilegedActionException'{0x000000070fd05788}> (0x000000070fd05788) thrown at [/opt/buildAgent/work/5ff2f6c26000d570/src/hotspot/share/prims/jvm.cpp, line 1300]
Event: 0.257 Thread 0x00007f8b76802800 Exception <a 'java/security/PrivilegedActionException'{0x000000070fd062d8}> (0x000000070fd062d8) thrown at [/opt/buildAgent/work/5ff2f6c26000d570/src/hotspot/share/prims/jvm.cpp, line 1300]
Event: 0.257 Thread 0x00007f8b76802800 Exception <a 'java/security/PrivilegedActionException'{0x000000070fd065a8}> (0x000000070fd065a8) thrown at [/opt/buildAgent/work/5ff2f6c26000d570/src/hotspot/share/prims/jvm.cpp, line 1300]
Event: 0.265 Thread 0x00007f8b76802800 Exception <a 'java/security/PrivilegedActionException'{0x000000070fd7f648}> (0x000000070fd7f648) thrown at [/opt/buildAgent/work/5ff2f6c26000d570/src/hotspot/share/prims/jvm.cpp, line 1300]
Event: 0.265 Thread 0x00007f8b76802800 Exception <a 'java/security/PrivilegedActionException'{0x000000070fd7f918}> (0x000000070fd7f918) thrown at [/opt/buildAgent/work/5ff2f6c26000d570/src/hotspot/share/prims/jvm.cpp, line 1300]
Event: 0.348 Thread 0x00007f8b76802800 Exception <a 'java/lang/NoSuchMethodError'{0x000000070fb31ff8}: java.lang.invoke.DirectMethodHandle$Holder.invokeStaticInit(Ljava/lang/Object;Ljava/lang/Object;Ljava/lang/Object;Ljava/lang/Object;)I> (0x000000070fb31ff8) thrown at [/opt/buildAgent/work/5f
Event: 0.354 Thread 0x00007f8b76802800 Exception <a 'java/lang/IncompatibleClassChangeError'{0x000000070fb3d8e0}: Found class java.lang.Object, but interface was expected> (0x000000070fb3d8e0) thrown at [/opt/buildAgent/work/5ff2f6c26000d570/src/hotspot/share/interpreter/linkResolver.cpp, line
Event: 0.356 Thread 0x00007f8b76802800 Exception <a 'java/lang/NoSuchMethodError'{0x000000070fb41200}: java.lang.invoke.DirectMethodHandle$Holder.invokeStaticInit(Ljava/lang/Object;Ljava/lang/Object;)V> (0x000000070fb41200) thrown at [/opt/buildAgent/work/5ff2f6c26000d570/src/hotspot/share/int
Event: 0.358 Thread 0x00007f8b76802800 Exception <a 'java/lang/NoSuchMethodError'{0x000000070fb48de8}: java.lang.invoke.DirectMethodHandle$Holder.invokeStaticInit(Ljava/lang/Object;Ljava/lang/Object;)I> (0x000000070fb48de8) thrown at [/opt/buildAgent/work/5ff2f6c26000d570/src/hotspot/share/int

Events (10 events):
Event: 0.600 loading class org/bytedeco/ffmpeg/avformat/Write_packet_Pointer_BytePointer_int
Event: 0.600 loading class org/bytedeco/ffmpeg/avformat/Write_packet_Pointer_BytePointer_int done
Event: 0.600 loading class org/bytedeco/ffmpeg/avformat/Write_packet_Pointer_byte___int
Event: 0.600 loading class org/bytedeco/ffmpeg/avformat/Write_packet_Pointer_byte___int done
Event: 0.608 loading class org/bytedeco/javacpp/PointerScope
Event: 0.608 loading class org/bytedeco/javacpp/PointerScope done
Event: 0.608 loading class org/bytedeco/javacpp/PointerScope$1
Event: 0.608 loading class org/bytedeco/javacpp/PointerScope$1 done
Event: 0.686 Thread 0x00007f8b76802800 DEOPT PACKING pc=0x00000001109e457b sp=0x000070000fcb6e20
Event: 0.686 Thread 0x00007f8b76802800 DEOPT UNPACKING pc=0x0000000110440fba sp=0x000070000fcb6358 mode 0


Dynamic libraries:
0x00007fff4c862000 	/System/Library/Frameworks/Cocoa.framework/Versions/A/Cocoa
0x00007fff58610000 	/System/Library/Frameworks/Security.framework/Versions/A/Security
0x00007fff4b4f4000 	/System/Library/Frameworks/ApplicationServices.framework/Versions/A/ApplicationServices
0x00007fff78728000 	/usr/lib/libz.1.dylib
0x00007fff7607f000 	/usr/lib/libSystem.B.dylib
0x00007fff4d0d7000 	/System/Library/Frameworks/CoreFoundation.framework/Versions/A/CoreFoundation
0x00007fff4f35b000 	/System/Library/Frameworks/Foundation.framework/Versions/C/Foundation
0x00007fff778b8000 	/usr/lib/libobjc.A.dylib
0x00007fff4a6ed000 	/System/Library/Frameworks/AppKit.framework/Versions/C/AppKit
0x00007fff4cc60000 	/System/Library/Frameworks/CoreData.framework/Versions/A/CoreData
0x00007fff6fb44000 	/System/Library/PrivateFrameworks/RemoteViewServices.framework/Versions/A/RemoteViewServices
0x00007fff73dbb000 	/System/Library/PrivateFrameworks/UIFoundation.framework/Versions/A/UIFoundation
0x00007fff754a0000 	/System/Library/PrivateFrameworks/XCTTargetBootstrap.framework/Versions/A/XCTTargetBootstrap
0x00007fff4cfe6000 	/System/Library/Frameworks/CoreDisplay.framework/Versions/A/CoreDisplay
0x00007fff6a858000 	/System/Library/PrivateFrameworks/IconServices.framework/Versions/A/IconServices
0x00007fff51c7d000 	/System/Library/Frameworks/Metal.framework/Versions/A/Metal
0x00007fff61d9c000 	/System/Library/PrivateFrameworks/DesktopServicesPriv.framework/Versions/A/DesktopServicesPriv
0x00007fff76c1b000 	/usr/lib/libenergytrace.dylib
0x00007fff722a2000 	/System/Library/PrivateFrameworks/SkyLight.framework/Versions/A/SkyLight
0x00007fff4d51e000 	/System/Library/Frameworks/CoreGraphics.framework/Versions/A/CoreGraphics
0x00007fff494b9000 	/System/Library/Frameworks/Accelerate.framework/Versions/A/Accelerate
0x00007fff4faa4000 	/System/Library/Frameworks/IOSurface.framework/Versions/A/IOSurface
0x00007fff61c08000 	/System/Library/PrivateFrameworks/DFRFoundation.framework/Versions/A/DFRFoundation
0x00007fff4b9d7000 	/System/Library/Frameworks/AudioToolbox.framework/Versions/A/AudioToolbox
0x00007fff4bc50000 	/System/Library/Frameworks/AudioUnit.framework/Versions/A/AudioUnit
0x00007fff61c9d000 	/System/Library/PrivateFrameworks/DataDetectorsCore.framework/Versions/A/DataDetectorsCore
0x00007fff4c365000 	/System/Library/Frameworks/Carbon.framework/Versions/A/Frameworks/HIToolbox.framework/Versions/A/HIToolbox
0x00007fff76d74000 	/usr/lib/libicucore.A.dylib
0x00007fff57b83000 	/System/Library/Frameworks/QuartzCore.framework/Versions/A/QuartzCore
0x00007fff4c73a000 	/System/Library/Frameworks/Carbon.framework/Versions/A/Frameworks/SpeechRecognition.framework/Versions/A/SpeechRecognition
0x00007fff761d3000 	/usr/lib/libauto.dylib
0x00007fff7861b000 	/usr/lib/libxml2.2.dylib
0x00007fff617e3000 	/System/Library/PrivateFrameworks/CoreUI.framework/Versions/A/CoreUI
0x00007fff4cb4b000 	/System/Library/Frameworks/CoreAudio.framework/Versions/A/CoreAudio
0x00007fff4f190000 	/System/Library/Frameworks/DiskArbitration.framework/Versions/A/DiskArbitration
0x00007fff77022000 	/usr/lib/liblangid.dylib
0x00007fff6bc89000 	/System/Library/PrivateFrameworks/MultitouchSupport.framework/Versions/A/MultitouchSupport
0x00007fff4fa13000 	/System/Library/Frameworks/IOKit.framework/Versions/A/IOKit
0x00007fff75c3f000 	/usr/lib/libDiagnosticMessagesClient.dylib
0x00007fff4e32e000 	/System/Library/Frameworks/CoreServices.framework/Versions/A/CoreServices
0x00007fff6d943000 	/System/Library/PrivateFrameworks/PerformanceAnalysis.framework/Versions/A/PerformanceAnalysis
0x00007fff56d6a000 	/System/Library/Frameworks/OpenGL.framework/Versions/A/OpenGL
0x00007fff4c870000 	/System/Library/Frameworks/ColorSync.framework/Versions/A/ColorSync
0x00007fff4dbb0000 	/System/Library/Frameworks/CoreImage.framework/Versions/A/CoreImage
0x00007fff4ed06000 	/System/Library/Frameworks/CoreText.framework/Versions/A/CoreText
0x00007fff4fb07000 	/System/Library/Frameworks/ImageIO.framework/Versions/A/ImageIO
0x00007fff5de34000 	/System/Library/PrivateFrameworks/Backup.framework/Versions/A/Backup
0x00007fff76126000 	/usr/lib/libarchive.2.dylib
0x00007fff4bfa9000 	/System/Library/Frameworks/CFNetwork.framework/Versions/A/CFNetwork
0x00007fff58d6c000 	/System/Library/Frameworks/SystemConfiguration.framework/Versions/A/SystemConfiguration
0x00007fff75b70000 	/usr/lib/libCRFSuite.dylib
0x00007fff762c4000 	/usr/lib/libc++.1.dylib
0x00007fff76318000 	/usr/lib/libc++abi.dylib
0x00007fff78f1e000 	/usr/lib/system/libcache.dylib
0x00007fff78f23000 	/usr/lib/system/libcommonCrypto.dylib
0x00007fff78f2e000 	/usr/lib/system/libcompiler_rt.dylib
0x00007fff78f36000 	/usr/lib/system/libcopyfile.dylib
0x00007fff78f40000 	/usr/lib/system/libcorecrypto.dylib
0x00007fff7904b000 	/usr/lib/system/libdispatch.dylib
0x00007fff79085000 	/usr/lib/system/libdyld.dylib
0x00007fff790b2000 	/usr/lib/system/libkeymgr.dylib
0x00007fff790c0000 	/usr/lib/system/liblaunch.dylib
0x00007fff790c1000 	/usr/lib/system/libmacho.dylib
0x00007fff790c7000 	/usr/lib/system/libquarantine.dylib
0x00007fff790ca000 	/usr/lib/system/libremovefile.dylib
0x00007fff790cc000 	/usr/lib/system/libsystem_asl.dylib
0x00007fff790e4000 	/usr/lib/system/libsystem_blocks.dylib
0x00007fff790e5000 	/usr/lib/system/libsystem_c.dylib
0x00007fff7916d000 	/usr/lib/system/libsystem_configuration.dylib
0x00007fff79171000 	/usr/lib/system/libsystem_coreservices.dylib
0x00007fff79175000 	/usr/lib/system/libsystem_darwin.dylib
0x00007fff7917c000 	/usr/lib/system/libsystem_dnssd.dylib
0x00007fff79183000 	/usr/lib/system/libsystem_info.dylib
0x00007fff791f8000 	/usr/lib/system/libsystem_m.dylib
0x00007fff79244000 	/usr/lib/system/libsystem_malloc.dylib
0x00007fff7926f000 	/usr/lib/system/libsystem_networkextension.dylib
0x00007fff7927a000 	/usr/lib/system/libsystem_notify.dylib
0x00007fff79297000 	/usr/lib/system/libsystem_sandbox.dylib
0x00007fff7929b000 	/usr/lib/system/libsystem_secinit.dylib
0x00007fff791cf000 	/usr/lib/system/libsystem_kernel.dylib
0x00007fff79282000 	/usr/lib/system/libsystem_platform.dylib
0x00007fff7928c000 	/usr/lib/system/libsystem_pthread.dylib
0x00007fff7929e000 	/usr/lib/system/libsystem_symptoms.dylib
0x00007fff792a6000 	/usr/lib/system/libsystem_trace.dylib
0x00007fff792bd000 	/usr/lib/system/libunwind.dylib
0x00007fff792c3000 	/usr/lib/system/libxpc.dylib
0x00007fff762a5000 	/usr/lib/libbsm.0.dylib
0x00007fff790b3000 	/usr/lib/system/libkxld.dylib
0x00007fff5d225000 	/System/Library/PrivateFrameworks/AppleFSCompression.framework/Versions/A/AppleFSCompression
0x00007fff75f3f000 	/usr/lib/libOpenScriptingUtil.dylib
0x00007fff765cd000 	/usr/lib/libcoretls.dylib
0x00007fff765e4000 	/usr/lib/libcoretls_cfhelpers.dylib
0x00007fff7804f000 	/usr/lib/libpam.2.dylib
0x00007fff7820f000 	/usr/lib/libsqlite3.dylib
0x00007fff78609000 	/usr/lib/libxar.1.dylib
0x00007fff762b6000 	/usr/lib/libbz2.1.0.dylib
0x00007fff77024000 	/usr/lib/liblzma.5.dylib
0x00007fff774d5000 	/usr/lib/libnetwork.dylib
0x00007fff7610f000 	/usr/lib/libapple_nghttp2.dylib
0x00007fff78056000 	/usr/lib/libpcap.A.dylib
0x00007fff4e6cd000 	/System/Library/Frameworks/CoreServices.framework/Versions/A/Frameworks/FSEvents.framework/Versions/A/FSEvents
0x00007fff4e3ac000 	/System/Library/Frameworks/CoreServices.framework/Versions/A/Frameworks/CarbonCore.framework/Versions/A/CarbonCore
0x00007fff4e888000 	/System/Library/Frameworks/CoreServices.framework/Versions/A/Frameworks/Metadata.framework/Versions/A/Metadata
0x00007fff4e927000 	/System/Library/Frameworks/CoreServices.framework/Versions/A/Frameworks/OSServices.framework/Versions/A/OSServices
0x00007fff4e972000 	/System/Library/Frameworks/CoreServices.framework/Versions/A/Frameworks/SearchKit.framework/Versions/A/SearchKit
0x00007fff4e32f000 	/System/Library/Frameworks/CoreServices.framework/Versions/A/Frameworks/AE.framework/Versions/A/AE
0x00007fff4e6d6000 	/System/Library/Frameworks/CoreServices.framework/Versions/A/Frameworks/LaunchServices.framework/Versions/A/LaunchServices
0x00007fff4e684000 	/System/Library/Frameworks/CoreServices.framework/Versions/A/Frameworks/DictionaryServices.framework/Versions/A/DictionaryServices
0x00007fff4e9da000 	/System/Library/Frameworks/CoreServices.framework/Versions/A/Frameworks/SharedFileList.framework/Versions/A/SharedFileList
0x00007fff52d45000 	/System/Library/Frameworks/NetFS.framework/Versions/A/NetFS
0x00007fff6beef000 	/System/Library/PrivateFrameworks/NetAuth.framework/Versions/A/NetAuth
0x00007fff758a4000 	/System/Library/PrivateFrameworks/login.framework/Versions/A/Frameworks/loginsupport.framework/Versions/A/loginsupport
0x00007fff739c4000 	/System/Library/PrivateFrameworks/TCC.framework/Versions/A/TCC
0x00007fff60e40000 	/System/Library/PrivateFrameworks/CoreNLP.framework/Versions/A/CoreNLP
0x00007fff6b95f000 	/System/Library/PrivateFrameworks/MetadataUtilities.framework/Versions/A/MetadataUtilities
0x00007fff770f9000 	/usr/lib/libmecabra.dylib
0x00007fff4b4f5000 	/System/Library/Frameworks/ApplicationServices.framework/Versions/A/Frameworks/ATS.framework/Versions/A/ATS
0x00007fff4b844000 	/System/Library/Frameworks/ApplicationServices.framework/Versions/A/Frameworks/ColorSyncLegacy.framework/Versions/A/ColorSyncLegacy
0x00007fff4b8e3000 	/System/Library/Frameworks/ApplicationServices.framework/Versions/A/Frameworks/HIServices.framework/Versions/A/HIServices
0x00007fff4b936000 	/System/Library/Frameworks/ApplicationServices.framework/Versions/A/Frameworks/LangAnalysis.framework/Versions/A/LangAnalysis
0x00007fff4b946000 	/System/Library/Frameworks/ApplicationServices.framework/Versions/A/Frameworks/PrintCore.framework/Versions/A/PrintCore
0x00007fff4b990000 	/System/Library/Frameworks/ApplicationServices.framework/Versions/A/Frameworks/QD.framework/Versions/A/QD
0x00007fff4b9ca000 	/System/Library/Frameworks/ApplicationServices.framework/Versions/A/Frameworks/SpeechSynthesis.framework/Versions/A/SpeechSynthesis
0x00007fff76340000 	/usr/lib/libcompression.dylib
0x00007fff51f4d000 	/System/Library/Frameworks/MetalPerformanceShaders.framework/Versions/A/MetalPerformanceShaders
0x00007fff494d1000 	/System/Library/Frameworks/Accelerate.framework/Versions/A/Frameworks/vImage.framework/Versions/A/vImage
0x00007fff4a54b000 	/System/Library/Frameworks/Accelerate.framework/Versions/A/Frameworks/vecLib.framework/Versions/A/vecLib
0x00007fff4a497000 	/System/Library/Frameworks/Accelerate.framework/Versions/A/Frameworks/vecLib.framework/Versions/A/libvMisc.dylib
0x00007fff4a2af000 	/System/Library/Frameworks/Accelerate.framework/Versions/A/Frameworks/vecLib.framework/Versions/A/libvDSP.dylib
0x00007fff49b6b000 	/System/Library/Frameworks/Accelerate.framework/Versions/A/Frameworks/vecLib.framework/Versions/A/libBLAS.dylib
0x00007fff49e58000 	/System/Library/Frameworks/Accelerate.framework/Versions/A/Frameworks/vecLib.framework/Versions/A/libLAPACK.dylib
0x00007fff4a202000 	/System/Library/Frameworks/Accelerate.framework/Versions/A/Frameworks/vecLib.framework/Versions/A/libLinearAlgebra.dylib
0x00007fff4a29b000 	/System/Library/Frameworks/Accelerate.framework/Versions/A/Frameworks/vecLib.framework/Versions/A/libSparseBLAS.dylib
0x00007fff4a218000 	/System/Library/Frameworks/Accelerate.framework/Versions/A/Frameworks/vecLib.framework/Versions/A/libQuadrature.dylib
0x00007fff49de5000 	/System/Library/Frameworks/Accelerate.framework/Versions/A/Frameworks/vecLib.framework/Versions/A/libBNNS.dylib
0x00007fff4a21e000 	/System/Library/Frameworks/Accelerate.framework/Versions/A/Frameworks/vecLib.framework/Versions/A/libSparse.dylib
0x00007fff6818e000 	/System/Library/PrivateFrameworks/GPUWrangler.framework/Versions/A/GPUWrangler
0x00007fff6a48d000 	/System/Library/PrivateFrameworks/IOAccelerator.framework/Versions/A/IOAccelerator
0x00007fff6a498000 	/System/Library/PrivateFrameworks/IOPresentment.framework/Versions/A/IOPresentment
0x00007fff61c18000 	/System/Library/PrivateFrameworks/DSExternalDisplay.framework/Versions/A/DSExternalDisplay
0x00007fff561c1000 	/System/Library/Frameworks/OpenGL.framework/Versions/A/Libraries/libCoreFSCache.dylib
0x00007fff51d41000 	/System/Library/Frameworks/MetalPerformanceShaders.framework/Frameworks/MPSCore.framework/Versions/A/MPSCore
0x00007fff51d61000 	/System/Library/Frameworks/MetalPerformanceShaders.framework/Frameworks/MPSImage.framework/Versions/A/MPSImage
0x00007fff51e06000 	/System/Library/Frameworks/MetalPerformanceShaders.framework/Frameworks/MPSNeuralNetwork.framework/Versions/A/MPSNeuralNetwork
0x00007fff51dde000 	/System/Library/Frameworks/MetalPerformanceShaders.framework/Frameworks/MPSMatrix.framework/Versions/A/MPSMatrix
0x00007fff51f32000 	/System/Library/Frameworks/MetalPerformanceShaders.framework/Frameworks/MPSRayIntersector.framework/Versions/A/MPSRayIntersector
0x00007fff6b988000 	/System/Library/PrivateFrameworks/MetalTools.framework/Versions/A/MetalTools
0x00007fff5cacf000 	/System/Library/PrivateFrameworks/AggregateDictionary.framework/Versions/A/AggregateDictionary
0x00007fff75f1f000 	/usr/lib/libMobileGestalt.dylib
0x00007fff4ee69000 	/System/Library/Frameworks/CoreVideo.framework/Versions/A/CoreVideo
0x00007fff68f9f000 	/System/Library/PrivateFrameworks/GraphVisualizer.framework/Versions/A/GraphVisualizer
0x00007fff62e1e000 	/System/Library/PrivateFrameworks/FaceCore.framework/Versions/A/FaceCore
0x00007fff557ef000 	/System/Library/Frameworks/OpenCL.framework/Versions/A/OpenCL
0x00007fff75c77000 	/usr/lib/libFosl_dynamic.dylib
0x00007fff6c75a000 	/System/Library/PrivateFrameworks/OTSVG.framework/Versions/A/OTSVG
0x00007fff4b5f9000 	/System/Library/Frameworks/ApplicationServices.framework/Versions/A/Frameworks/ATS.framework/Versions/A/Resources/libFontParser.dylib
0x00007fff4b711000 	/System/Library/Frameworks/ApplicationServices.framework/Versions/A/Frameworks/ATS.framework/Versions/A/Resources/libFontRegistry.dylib
0x00007fff4fd76000 	/System/Library/Frameworks/ImageIO.framework/Versions/A/Resources/libJPEG.dylib
0x00007fff50088000 	/System/Library/Frameworks/ImageIO.framework/Versions/A/Resources/libTIFF.dylib
0x00007fff5005e000 	/System/Library/Frameworks/ImageIO.framework/Versions/A/Resources/libPng.dylib
0x00007fff4fc94000 	/System/Library/Frameworks/ImageIO.framework/Versions/A/Resources/libGIF.dylib
0x00007fff4fc99000 	/System/Library/Frameworks/ImageIO.framework/Versions/A/Resources/libJP2.dylib
0x00007fff50085000 	/System/Library/Frameworks/ImageIO.framework/Versions/A/Resources/libRadiance.dylib
0x00007fff5d37c000 	/System/Library/PrivateFrameworks/AppleJPEG.framework/Versions/A/AppleJPEG
0x00007fff561cc000 	/System/Library/Frameworks/OpenGL.framework/Versions/A/Libraries/libGFXShared.dylib
0x00007fff5638f000 	/System/Library/Frameworks/OpenGL.framework/Versions/A/Libraries/libGLU.dylib
0x00007fff561d5000 	/System/Library/Frameworks/OpenGL.framework/Versions/A/Libraries/libGL.dylib
0x00007fff561e1000 	/System/Library/Frameworks/OpenGL.framework/Versions/A/Libraries/libGLImage.dylib
0x00007fff561be000 	/System/Library/Frameworks/OpenGL.framework/Versions/A/Libraries/libCVMSPluginSupport.dylib
0x00007fff561c7000 	/System/Library/Frameworks/OpenGL.framework/Versions/A/Libraries/libCoreVMClient.dylib
0x00007fff76a91000 	/usr/lib/libcups.2.dylib
0x00007fff51248000 	/System/Library/Frameworks/Kerberos.framework/Versions/A/Kerberos
0x00007fff4f777000 	/System/Library/Frameworks/GSS.framework/Versions/A/GSS
0x00007fff781a4000 	/usr/lib/libresolv.9.dylib
0x00007fff76c83000 	/usr/lib/libiconv.2.dylib
0x00007fff69114000 	/System/Library/PrivateFrameworks/Heimdal.framework/Versions/A/Heimdal
0x00007fff76c53000 	/usr/lib/libheimdal-asn1.dylib
0x00007fff55863000 	/System/Library/Frameworks/OpenDirectory.framework/Versions/A/OpenDirectory
0x00007fff5fba3000 	/System/Library/PrivateFrameworks/CommonAuth.framework/Versions/A/CommonAuth
0x00007fff55847000 	/System/Library/Frameworks/OpenDirectory.framework/Versions/A/Frameworks/CFOpenDirectory.framework/Versions/A/CFOpenDirectory
0x00007fff58911000 	/System/Library/Frameworks/SecurityFoundation.framework/Versions/A/SecurityFoundation
0x00007fff5c015000 	/System/Library/PrivateFrameworks/APFS.framework/Versions/A/APFS
0x00007fff78605000 	/usr/lib/libutil.dylib
0x00007fff7632e000 	/usr/lib/libcharset.1.dylib
0x00007fff5d619000 	/System/Library/PrivateFrameworks/AppleSauce.framework/Versions/A/AppleSauce
0x00007fff5d79a000 	/System/Library/PrivateFrameworks/AssertionServices.framework/Versions/A/AssertionServices
0x00007fff5deca000 	/System/Library/PrivateFrameworks/BaseBoard.framework/Versions/A/BaseBoard
0x00007fff77054000 	/usr/lib/libmecab.1.0.0.dylib
0x00007fff76c4d000 	/usr/lib/libgermantok.dylib
0x00007fff760fc000 	/usr/lib/libThaiTokenizer.dylib
0x00007fff75ba7000 	/usr/lib/libChineseTokenizer.dylib
0x00007fff6ab45000 	/System/Library/PrivateFrameworks/LanguageModeling.framework/Versions/A/LanguageModeling
0x00007fff60885000 	/System/Library/PrivateFrameworks/CoreEmoji.framework/Versions/A/CoreEmoji
0x00007fff6ac21000 	/System/Library/PrivateFrameworks/Lexicon.framework/Versions/A/Lexicon
0x00007fff6ac64000 	/System/Library/PrivateFrameworks/LinguisticData.framework/Versions/A/LinguisticData
0x00007fff7632f000 	/usr/lib/libcmph.dylib
0x00007fff589cf000 	/System/Library/Frameworks/ServiceManagement.framework/Versions/A/ServiceManagement
0x00007fff5de2b000 	/System/Library/PrivateFrameworks/BackgroundTaskManagement.framework/Versions/A/BackgroundTaskManagement
0x00007fff786ff000 	/usr/lib/libxslt.1.dylib
0x00007fff4c667000 	/System/Library/Frameworks/Carbon.framework/Versions/A/Frameworks/Ink.framework/Versions/A/Ink
0x00007fff73c36000 	/System/Library/PrivateFrameworks/TextureIO.framework/Versions/A/TextureIO
0x00007fff76150000 	/usr/lib/libate.dylib
0x00007fff61b67000 	/System/Library/PrivateFrameworks/CrashReporterSupport.framework/Versions/A/CrashReporterSupport
0x00007fff71370000 	/System/Library/PrivateFrameworks/Sharing.framework/Versions/A/Sharing
0x00007fff5db7d000 	/System/Library/PrivateFrameworks/AuthKit.framework/Versions/A/AuthKit
0x00007fff5d0d1000 	/System/Library/PrivateFrameworks/Apple80211.framework/Versions/A/Apple80211
0x00007fff6190f000 	/System/Library/PrivateFrameworks/CoreUtils.framework/Versions/A/CoreUtils
0x00007fff4eeaa000 	/System/Library/Frameworks/CoreWLAN.framework/Versions/A/CoreWLAN
0x00007fff4f8a6000 	/System/Library/Frameworks/IOBluetooth.framework/Versions/A/IOBluetooth
0x00007fff6f7e4000 	/System/Library/PrivateFrameworks/ProtocolBuffer.framework/Versions/A/ProtocolBuffer
0x00007fff6bbe5000 	/System/Library/PrivateFrameworks/MobileKeyBag.framework/Versions/A/MobileKeyBag
0x00007fff61153000 	/System/Library/PrivateFrameworks/CorePhoneNumbers.framework/Versions/A/CorePhoneNumbers
0x00007fff5d330000 	/System/Library/PrivateFrameworks/AppleIDAuthSupport.framework/Versions/A/AppleIDAuthSupport
0x00007fff6ab18000 	/System/Library/PrivateFrameworks/KeychainCircle.framework/Versions/A/KeychainCircle
0x00007fff6f99a000 	/System/Library/PrivateFrameworks/ROCKit.framework/Versions/A/ROCKit
0x00007fff61b03000 	/System/Library/PrivateFrameworks/CoreWiFi.framework/Versions/A/CoreWiFi
0x00007fff4cc35000 	/System/Library/Frameworks/CoreBluetooth.framework/Versions/A/CoreBluetooth
0x00007fff61d5e000 	/System/Library/PrivateFrameworks/DebugSymbols.framework/Versions/A/DebugSymbols
0x00007fff616cf000 	/System/Library/PrivateFrameworks/CoreSymbolication.framework/Versions/A/CoreSymbolication
0x00007fff73451000 	/System/Library/PrivateFrameworks/Symbolication.framework/Versions/A/Symbolication
0x00007fff72cf4000 	/System/Library/PrivateFrameworks/SpeechRecognitionCore.framework/Versions/A/SpeechRecognitionCore
0x0000000108400000 	/Applications/IntelliJ IDEA.app/Contents/jbr/Contents/Home/lib/server/libjvm.dylib
0x0000000106b79000 	/Applications/IntelliJ IDEA.app/Contents/jbr/Contents/Home/lib/libverify.dylib
0x0000000106b8a000 	/Applications/IntelliJ IDEA.app/Contents/jbr/Contents/Home/lib/libjava.dylib
0x000000010914e000 	/Applications/IntelliJ IDEA.app/Contents/jbr/Contents/Home/lib/libjdwp.dylib
0x0000000106bd5000 	/Applications/IntelliJ IDEA.app/Contents/jbr/Contents/Home/lib/libinstrument.dylib
0x0000000109204000 	/Applications/IntelliJ IDEA.app/Contents/jbr/Contents/Home/lib/libzip.dylib
0x0000000109211000 	/Applications/IntelliJ IDEA.app/Contents/jbr/Contents/Home/lib/libjimage.dylib
0x00000001101ce000 	/Applications/IntelliJ IDEA.app/Contents/jbr/Contents/Home/lib/libdt_socket.dylib
0x0000000110161000 	/Applications/IntelliJ IDEA.app/Contents/jbr/Contents/Home/lib/libnio.dylib
0x0000000110174000 	/Applications/IntelliJ IDEA.app/Contents/jbr/Contents/Home/lib/./libnet.dylib
0x000000011018d000 	/Users/neodymius/.javacpp/cache/javacpp-1.5.3-macosx-x86_64.jar/org/bytedeco/javacpp/macosx-x86_64/libjnijavacpp.dylib
0x00007fff51243000 	/System/Library/Frameworks/JavaVM.framework/Versions/A/JavaVM
0x00007fff6aa37000 	/System/Library/PrivateFrameworks/JavaLaunching.framework/Versions/A/JavaLaunching
0x0000000129d42000 	/Users/neodymius/.javacpp/cache/ffmpeg-4.2.2-1.5.3-macosx-x86_64.jar/org/bytedeco/ffmpeg/macosx-x86_64/libavutil.56.dylib
0x00007fff59038000 	/System/Library/Frameworks/VideoToolbox.framework/Versions/A/VideoToolbox
0x00007fff4e1cd000 	/System/Library/Frameworks/CoreMedia.framework/Versions/A/CoreMedia
0x00007fff5d6ff000 	/System/Library/PrivateFrameworks/AppleVA.framework/Versions/A/AppleVA
0x00007fff7820d000 	/usr/lib/libspindump.dylib
0x0000000129e3d000 	/Users/neodymius/.javacpp/cache/ffmpeg-4.2.2-1.5.3-macosx-x86_64.jar/org/bytedeco/ffmpeg/macosx-x86_64/libjniavutil.dylib
0x00000001101f3000 	/Users/neodymius/.javacpp/cache/ffmpeg-4.2.2-1.5.3-macosx-x86_64.jar/org/bytedeco/ffmpeg/macosx-x86_64/libswresample.3.dylib
0x00000001100e9000 	/Users/neodymius/.javacpp/cache/ffmpeg-4.2.2-1.5.3-macosx-x86_64.jar/org/bytedeco/ffmpeg/macosx-x86_64/libjniswresample.dylib
0x0000000129f43000 	/Users/neodymius/.javacpp/cache/ffmpeg-4.2.2-1.5.3-macosx-x86_64.jar/org/bytedeco/ffmpeg/macosx-x86_64/libavcodec.58.dylib
0x000000012ce16000 	/Users/neodymius/.javacpp/cache/ffmpeg-4.2.2-1.5.3-macosx-x86_64.jar/org/bytedeco/ffmpeg/macosx-x86_64/libjniavcodec.dylib
0x000000012ceee000 	/Users/neodymius/.javacpp/cache/ffmpeg-4.2.2-1.5.3-macosx-x86_64.jar/org/bytedeco/ffmpeg/macosx-x86_64/libavformat.58.dylib
0x000000012d375000 	/Users/neodymius/.javacpp/cache/ffmpeg-4.2.2-1.5.3-macosx-x86_64.jar/org/bytedeco/ffmpeg/macosx-x86_64/libjniavformat.dylib


VM Arguments:
jvm_args: -agentlib:jdwp=transport=dt_socket,address=127.0.0.1:59031,suspend=y,server=n -javaagent:/Users/neodymius/Library/Caches/IntelliJIdea2019.2/captureAgent/debugger-agent.jar -Dfile.encoding=UTF-8 
java_command: Converter
java_class_path (initial): /Users/neodymius/Documents/JavaApps/Converter/target/classes:/Users/neodymius/.m2/repository/org/bytedeco/javacpp/1.5.3/javacpp-1.5.3.jar:/Users/neodymius/.m2/repository/org/bytedeco/ffmpeg-platform/4.2.2-1.5.3/ffmpeg-platform-4.2.2-1.5.3.jar:/Users/neodymius/.m2/repository/org/bytedeco/javacpp-platform/1.5.3/javacpp-platform-1.5.3.jar:/Users/neodymius/.m2/repository/org/bytedeco/javacpp/1.5.3/javacpp-1.5.3-android-arm.jar:/Users/neodymius/.m2/repository/org/bytedeco/javacpp/1.5.3/javacpp-1.5.3-android-arm64.jar:/Users/neodymius/.m2/repository/org/bytedeco/javacpp/1.5.3/javacpp-1.5.3-android-x86.jar:/Users/neodymius/.m2/repository/org/bytedeco/javacpp/1.5.3/javacpp-1.5.3-android-x86_64.jar:/Users/neodymius/.m2/repository/org/bytedeco/javacpp/1.5.3/javacpp-1.5.3-ios-arm64.jar:/Users/neodymius/.m2/repository/org/bytedeco/javacpp/1.5.3/javacpp-1.5.3-ios-x86_64.jar:/Users/neodymius/.m2/repository/org/bytedeco/javacpp/1.5.3/javacpp-1.5.3-linux-armhf.jar:/Users/neodymius/.m2/repository/org/bytedeco/javacpp/1.5.3/javacpp-1.5.3-linux-arm64.jar:/Users/neodymius/.m2/repository/org/bytedeco/javacpp/1.5.3/javacpp-1.5.3-linux-ppc64le.jar:/Users/neodymius/.m2/repository/org/bytedeco/javacpp/1.5.3/javacpp-1.5.3-linux-x86.jar:/Users/neodymius/.m2/repository/org/bytedeco/javacpp/1.5.3/javacpp-1.5.3-linux-x86_64.jar:/Users/neodymius/.m2/repository/org/bytedeco/javacpp/1.5.3/javacpp-1.5.3-macosx-x86_64.jar:/Users/neodymius/.m2/repository/org/bytedeco/javacpp/1.5.3/javacpp-1.5.3-windows-x86.jar:/Users/neodymius/.m2/repository/org/bytedeco/javacpp/1.5.3/javacpp-1.5.3-windows-x86_64.jar:/Users/neodymius/.m2/repository/org/bytedeco/ffmpeg/4.2.2-1.5.3/ffmpeg-4.2.2-1.5.3.jar:/Users/neodymius/.m2/repository/org/bytedeco/ffmpeg/4.2.2-1.5.3/ffmpeg-4.2.2-1.5.3-android-arm.jar:/Users/neodymius/.m2/repository/org/bytedeco/ffmpeg/4.2.2-1.5.3/ffmpeg-4.2.2-1.5.3-android-arm64.jar:/Users/neodymius/.m2/repository/org/bytedeco/ffmpeg/4.2.2-1.5.3/ffmpeg-4.2.2-1.5.3-android-x
Launcher Type: SUN_STANDARD

[Global flags]
     intx CICompilerCount                          = 4                                         {product} {ergonomic}
     uint ConcGCThreads                            = 3                                         {product} {ergonomic}
     uint G1ConcRefinementThreads                  = 10                                        {product} {ergonomic}
   size_t G1HeapRegionSize                         = 1048576                                   {product} {ergonomic}
    uintx GCDrainStackTargetSize                   = 64                                        {product} {ergonomic}
   size_t InitialHeapSize                          = 268435456                                 {product} {ergonomic}
   size_t MarkStackSize                            = 4194304                                   {product} {ergonomic}
   size_t MaxHeapSize                              = 4294967296                                {product} {ergonomic}
   size_t MaxNewSize                               = 2576351232                                {product} {ergonomic}
   size_t MinHeapDeltaBytes                        = 1048576                                   {product} {ergonomic}
    uintx NonNMethodCodeHeapSize                   = 5835340                                {pd product} {ergonomic}
    uintx NonProfiledCodeHeapSize                  = 122911450                              {pd product} {ergonomic}
    uintx ProfiledCodeHeapSize                     = 122911450                              {pd product} {ergonomic}
    uintx ReservedCodeCacheSize                    = 251658240                              {pd product} {ergonomic}
     bool SegmentedCodeCache                       = true                                      {product} {ergonomic}
     bool UseCompressedClassPointers               = true                                 {lp64_product} {ergonomic}
     bool UseCompressedOops                        = true                                 {lp64_product} {ergonomic}
     bool UseG1GC                                  = true                                      {product} {ergonomic}

Logging:
Log output configuration:
 #0: stdout all=warning uptime,level,tags
 #1: stderr all=off uptime,level,tags

Environment Variables:
PATH=/usr/local/bin:/usr/bin:/bin:/usr/sbin:/sbin:/usr/local/go/bin
SHELL=/bin/bash

Signal Handlers:
SIGSEGV: [libjvm.dylib+0x73d280], sa_mask[0]=11111111011111110111111111111111, sa_flags=SA_ONSTACK|SA_RESTART|SA_SIGINFO
SIGBUS: [libjvm.dylib+0x73d280], sa_mask[0]=11111111011111110111111111111111, sa_flags=SA_RESTART|SA_SIGINFO
SIGFPE: [libjvm.dylib+0x73d280], sa_mask[0]=11111111011111110111111111111111, sa_flags=SA_RESTART|SA_SIGINFO
SIGPIPE: [libjvm.dylib+0x5efe5c], sa_mask[0]=11111111011111110111111111111111, sa_flags=SA_RESTART|SA_SIGINFO
SIGXFSZ: [libjvm.dylib+0x5efe5c], sa_mask[0]=11111111011111110111111111111111, sa_flags=SA_RESTART|SA_SIGINFO
SIGILL: [libjvm.dylib+0x73d280], sa_mask[0]=11111111011111110111111111111111, sa_flags=SA_RESTART|SA_SIGINFO
SIGUSR2: [libjvm.dylib+0x5f0441], sa_mask[0]=00100000000000000000000000000000, sa_flags=SA_RESTART|SA_SIGINFO
SIGHUP: [libjvm.dylib+0x5eee9d], sa_mask[0]=11111111011111110111111111111111, sa_flags=SA_RESTART|SA_SIGINFO
SIGINT: [libjvm.dylib+0x5eee9d], sa_mask[0]=11111111011111110111111111111111, sa_flags=SA_RESTART|SA_SIGINFO
SIGTERM: [libjvm.dylib+0x5eee9d], sa_mask[0]=11111111011111110111111111111111, sa_flags=SA_RESTART|SA_SIGINFO
SIGQUIT: [libjvm.dylib+0x5eee9d], sa_mask[0]=11111111011111110111111111111111, sa_flags=SA_RESTART|SA_SIGINFO


---------------  S Y S T E M  ---------------

OS:uname:Darwin 18.7.0 Darwin Kernel Version 18.7.0: Mon Feb 10 21:08:45 PST 2020; root:xnu-4903.278.28~1/RELEASE_X86_64 x86_64
rlimit: STACK 8192k, CORE 0k, NPROC 1418, NOFILE 10240, AS infinity, DATA infinity, FSIZE infinity
load average:2.54 2.42 2.23

CPU:total 12 (initial active 12) (6 cores per cpu, 2 threads per core) family 6 model 158 stepping 10, cmov, cx8, fxsr, mmx, sse, sse2, sse3, ssse3, sse4.1, sse4.2, popcnt, avx, avx2, aes, clmul, erms, 3dnowpref, lzcnt, ht, tsc, tscinvbit, bmi1, bmi2, adx, fma

Memory: 4k page, physical 16777216k(51440k free)

vm_info: OpenJDK 64-Bit Server VM (11.0.3+12-b304.56) for bsd-amd64 JRE (11.0.3+12-b304.56), built on Sep  3 2019 01:08:51 by "builduser" with gcc 4.2.1 Compatible Apple LLVM 9.1.0 (clang-902.0.39.2)

END.
